#
# A fatal error has been detected by the Java Runtime Environment:
#
#  Internal Error (jvmciRuntime.cpp:1609), pid=27, tid=41
#  fatal error: Fatal exception in JVMCI: Error calling jdk.vm.ci.services.Services.serializeSavedProperties
#
# JRE version: OpenJDK Runtime Environment GraalVM CE 22.3.0 (17.0.5+8) (build 17.0.5+8-jvmci-22.3-b08)
# Java VM: OpenJDK 64-Bit Server VM GraalVM CE 22.3.0 (17.0.5+8-jvmci-22.3-b08, mixed mode, sharing, tiered, jvmci, jvmci compiler, compressed oops, compressed class ptrs, parallel gc, linux-amd64)
# Problematic frame:
# V  [libjvm.so+0x972714]  JVMCIRuntime::fatal_exception(JVMCIEnv*, char const*)+0x74
#
# Core dump will be written. Default location: Core dumps may be processed with "/usr/share/apport/apport -p%p -s%s -c%c -d%d -P%P -u%u -g%g -- %E" (or dumping to /home/runner/MathewPolymorphismProject/core.27)
#
# If you would like to submit a bug report, please visit:
#   https://github.com/oracle/graal/issues
#

---------------  S U M M A R Y ------------

Command Line: -XX:ThreadPriorityPolicy=1 -XX:+UnlockExperimentalVMOptions -XX:+EnableJVMCIProduct -XX:JVMCIThreadsPerNativeLibraryRuntime=1 -XX:-UnlockExperimentalVMOptions -Declipse.application=org.eclipse.jdt.ls.core.id1 -Dosgi.bundles.defaultStartLevel=4 -Declipse.product=org.eclipse.jdt.ls.core.product -Dlog.level=ALL -Xverify:none -XX:+UseParallelGC -XX:GCTimeRatio=4 -XX:AdaptiveSizePolicyWeight=90 -Dsun.zip.disableMemoryMapping=true -Xmx512m -Xms100m /nix/store/m6gcpi1ii6rghy04cjwjddcavv7i90df-jdt-language-server-1.9.0/share/java/plugins/org.eclipse.equinox.launcher_1.6.400.v20210924-0641.jar --add-modules=ALL-SYSTEM --add-opens java.base/java.util=ALL-UNNAMED --add-opens java.base/java.lang=ALL-UNNAMED -configuration /home/runner/.cache/jdt-language-server/config -data /home/runner/.cache/jdt-language-server/data/home/runner/MathewPolymorphismProject

Host: AMD EPYC 7B12, 8 cores, 1G, Ubuntu 20.04.2 LTS
Time: Thu Mar 23 16:53:18 2023 UTC elapsed time: 356.962625 seconds (0d 0h 5m 56s)

---------------  T H R E A D  ---------------

Current thread (0x00007f7dd00b2230):  JavaThread "JVMCI-native CompilerThread0" daemon [_thread_in_vm, id=41, stack(0x00007f7db5048000,0x00007f7db5248000)]


Current CompileTask:
JVMCI-native: 356963 9785       4       java.util.HashSet::iterator (13 bytes)

Stack: [0x00007f7db5048000,0x00007f7db5248000],  sp=0x00007f7db5246380,  free space=2040k
Native frames: (J=compiled Java code, j=interpreted, Vv=VM code, C=native code)
V  [libjvm.so+0x972714]  JVMCIRuntime::fatal_exception(JVMCIEnv*, char const*)+0x74
V  [libjvm.so+0x93e2fe]  JVMCIEnv::copy_saved_properties()+0x14e
V  [libjvm.so+0x9732a9]  JVMCIRuntime::initialize(JVMCIEnv*)+0xb19
V  [libjvm.so+0x9738a2]  JVMCIRuntime::get_HotSpotJVMCIRuntime(JVMCIEnv*)+0x12
V  [libjvm.so+0x9749f2]  JVMCIRuntime::compile_method(JVMCIEnv*, JVMCICompiler*, methodHandle const&, int)+0xd2
V  [libjvm.so+0x5b0d20]  CompileBroker::invoke_compiler_on_method(CompileTask*)+0x1470
V  [libjvm.so+0x5b12e8]  CompileBroker::compiler_thread_loop()+0x528
V  [libjvm.so+0xd82460]  JavaThread::thread_main_inner()+0xd0
V  [libjvm.so+0xd85a40]  Thread::call_run()+0xc0
V  [libjvm.so+0xbdb1e1]  thread_native_entry(Thread*)+0xe1

Register to memory mapping:

RAX=0x00007f7dd4d74000 points into unknown readable memory: 0x0000000000000058 | 58 00 00 00 00 00 00 00
RBX=0x00007f7dd5e6f398: <offset 0x0000000000ef5398> in /nix/store/gpxl5qgg8kicmcvivwmybwjlpf7wh20l-graalvm17-ce-22.3.0/lib/server/libjvm.so at 0x00007f7dd4f7a000
RCX=0x00007f7dd5e271e8: <offset 0x0000000000ead1e8> in /nix/store/gpxl5qgg8kicmcvivwmybwjlpf7wh20l-graalvm17-ce-22.3.0/lib/server/libjvm.so at 0x00007f7dd4f7a000
RDX=0x0000000000000649 is an unknown value
RSP=0x00007f7db5246380 is pointing into the stack for thread: 0x00007f7dd00b2230
RBP=0x00007f7db52463a0 is pointing into the stack for thread: 0x00007f7dd00b2230
RSI=0x00007f7dd5e6fc48: <offset 0x0000000000ef5c48> in /nix/store/gpxl5qgg8kicmcvivwmybwjlpf7wh20l-graalvm17-ce-22.3.0/lib/server/libjvm.so at 0x00007f7dd4f7a000
RDI=0x00000000e0000000 is an oop: [Ljava.security.cert.Certificate; 
{0x00000000e0000000} - klass: 'java/security/cert/Certificate'[]
 - length: 3
R8 =0x00007f7dd5e6f398: <offset 0x0000000000ef5398> in /nix/store/gpxl5qgg8kicmcvivwmybwjlpf7wh20l-graalvm17-ce-22.3.0/lib/server/libjvm.so at 0x00007f7dd4f7a000
R9 =0x0000000000000003 is an unknown value
R10=0x00007f7dd61c0da0: <offset 0x0000000001246da0> in /nix/store/gpxl5qgg8kicmcvivwmybwjlpf7wh20l-graalvm17-ce-22.3.0/lib/server/libjvm.so at 0x00007f7dd4f7a000
R11=0x000000080044f048 is pointing into metadata
R12=0x0 is NULL
R13=0x00007f7dd00b2230 is a thread
R14=0x00007f7dd0000b80 points into unknown readable memory: 0x00007f7dd60a0a38 | 38 0a 0a d6 7d 7f 00 00
R15=0x00007f7dd61aee40: <offset 0x0000000001234e40> in /nix/store/gpxl5qgg8kicmcvivwmybwjlpf7wh20l-graalvm17-ce-22.3.0/lib/server/libjvm.so at 0x00007f7dd4f7a000


Registers:
RAX=0x00007f7dd4d74000, RBX=0x00007f7dd5e6f398, RCX=0x00007f7dd5e271e8, RDX=0x0000000000000649
RSP=0x00007f7db5246380, RBP=0x00007f7db52463a0, RSI=0x00007f7dd5e6fc48, RDI=0x00000000e0000000
R8 =0x00007f7dd5e6f398, R9 =0x0000000000000003, R10=0x00007f7dd61c0da0, R11=0x000000080044f048
R12=0x0000000000000000, R13=0x00007f7dd00b2230, R14=0x00007f7dd0000b80, R15=0x00007f7dd61aee40
RIP=0x00007f7dd58ec714, EFLAGS=0x0000000000010206, CSGSFS=0x002b000000000033, ERR=0x0000000000000006
  TRAPNO=0x000000000000000e

Top of Stack: (sp=0x00007f7db5246380)
0x00007f7db5246380:   00007f7db5246940 00007f7dd00b2230
0x00007f7db5246390:   00007f7dd47058c8 0000000800c417a0
0x00007f7db52463a0:   00007f7db5246500 00007f7dd58b82fe
0x00007f7db52463b0:   00007f7db52463e0 00007f7db5246440 

Instructions: (pc=0x00007f7dd58ec714)
0x00007f7dd58ec614:   30 e8 f6 cf e8 ff 4c 89 e7 e8 2e 48 d1 ff 84 db
0x00007f7dd58ec624:   75 2a 4d 85 ed 74 04 4d 8b 6d 00 48 83 c4 08 44
0x00007f7dd58ec634:   89 f9 4c 89 f2 4c 89 ee 5b 4c 89 e7 41 5c 41 5d
0x00007f7dd58ec644:   41 5e 41 5f 5d e9 e2 47 d1 ff 66 90 48 83 c4 08
0x00007f7dd58ec654:   5b 41 5c 41 5d 41 5e 41 5f 5d c3 90 31 d2 be 08
0x00007f7dd58ec664:   00 00 00 4c 89 ff e8 b1 78 a3 ff 49 89 c5 e9 37
0x00007f7dd58ec674:   ff ff ff 66 0f 1f 84 00 00 00 00 00 48 8b 7a 08
0x00007f7dd58ec684:   e9 6d ff ff ff 0f 1f 80 00 00 00 00 e8 5b 48 0a
0x00007f7dd58ec694:   00 84 c0 75 89 e9 6a ff ff ff 66 90 55 48 89 e5
0x00007f7dd58ec6a4:   41 56 41 55 41 54 49 89 fc 53 48 89 f3 66 48 8d
0x00007f7dd58ec6b4:   3d 27 5e 85 00 66 66 48 e8 df 43 8d ff 4c 8b 28
0x00007f7dd58ec6c4:   8b 05 be 72 8a 00 85 c0 75 14 ba 01 00 00 00 48
0x00007f7dd58ec6d4:   8d 0d ae 72 8a 00 f0 0f b1 11 85 c0 74 4e be c8
0x00007f7dd58ec6e4:   00 00 00 4c 89 ef e8 01 0b 41 00 48 8d 05 12 ac
0x00007f7dd58ec6f4:   85 00 49 89 d8 48 8d 0d e8 aa 53 00 ba 49 06 00
0x00007f7dd58ec704:   00 48 8d 35 3c 35 58 00 bf 00 00 00 e0 48 8b 00
0x00007f7dd58ec714:   c6 00 58 31 c0 e8 e2 91 c6 ff 5b 41 5c 41 5d 41
0x00007f7dd58ec724:   5e 5d e9 55 34 26 00 0f 1f 44 00 00 48 8d 05 81
0x00007f7dd58ec734:   a3 8b 00 48 89 df 4c 8b 30 e8 9e 43 8d ff 48 89
0x00007f7dd58ec744:   de 48 89 c2 49 8b 06 4c 89 f7 ff 50 08 4c 89 f7
0x00007f7dd58ec754:   e8 a7 5c 27 00 4d 85 e4 74 12 be 01 00 00 00 4c
0x00007f7dd58ec764:   89 e7 e8 35 43 fc ff eb 82 0f 1f 00 be 01 00 00
0x00007f7dd58ec774:   00 4c 89 ef e8 d3 fd ff ff e9 6d ff ff ff 66 66
0x00007f7dd58ec784:   2e 0f 1f 84 00 00 00 00 00 0f 1f 00 55 48 89 e5
0x00007f7dd58ec794:   41 57 41 56 41 55 41 54 53 48 81 ec 08 02 00 00
0x00007f7dd58ec7a4:   64 48 8b 04 25 28 00 00 00 48 89 45 c8 8b 07 83
0x00007f7dd58ec7b4:   f8 02 0f 84 11 04 00 00 4c 8b 6f 18 49 89 ff 49
0x00007f7dd58ec7c4:   89 f4 4d 85 ed 74 14 4c 89 ef e8 5d 57 22 00 41
0x00007f7dd58ec7d4:   8b 07 83 f8 02 0f 84 19 04 00 00 48 8d 1d 9a 06
0x00007f7dd58ec7e4:   8a 00 4c 8d 35 0b 3c 58 00 eb 38 90 48 85 d2 7f
0x00007f7dd58ec7f4:   0d 48 8d 05 b4 c0 85 00 48 83 38 00 7e 0e 41 8b
0x00007f7dd58ec804:   77 2c 4c 89 f7 31 c0 e8 a0 b2 f7 ff 49 8b 7f 18 


Stack slot to memory mapping:
stack at sp + 0 slots: 0x00007f7db5246940 is pointing into the stack for thread: 0x00007f7dd00b2230
stack at sp + 1 slots: 0x00007f7dd00b2230 is a thread
stack at sp + 2 slots: 0x00007f7dd47058c8 points into unknown readable memory: 0x6573001880c9ffff | ff ff c9 80 18 00 73 65
stack at sp + 3 slots: 0x0000000800c417a0 is a pointer to class: 
jdk.vm.ci.services.Services {0x0000000800c417a0}
 - instance size:     2
 - klass size:        65
 - access:            public final synchronized 
 - state:             fully_initialized
 - name:              'jdk/vm/ci/services/Services'
 - super:             'java/lang/Object'
 - sub:               
 - arrays:            NULL
 - methods:           Array<T>(0x00007f7db5c42d28)
 - method ordering:   Array<T>(0x0000000800928960)
 - default_methods:   Array<T>(0x0000000000000000)
 - local interfaces:  Array<T>(0x00000008005ce810)
 - trans. interfaces: Array<T>(0x00000008005ce810)
 - constants:         constant pool [427] {0x00007f7db5c41e08} for 'jdk/vm/ci/services/Services' cache=0x00007f7db5c43ff8
 - class loader data:  loader data: 0x00007f7dd0028410 of 'bootstrap'
 - source file:       'Services.java'
 - class annotations:       Array<T>(0x0000000000000000)
 - class type annotations:  Array<T>(0x0000000000000000)
 - field annotations:       Array<T>(0x0000000000000000)
 - field type annotations:  Array<T>(0x0000000000000000)
 - inner classes:     Array<T>(0x00007f7db5c43fc8)
 - nest members:     Array<T>(0x00007f7db5c43fe8)
 - permitted subclasses:     Array<T>(0x00000008005ce7a0)
 - java mirror:       a 'java/lang/Class'{0x00000000e017b608} = 'jdk/vm/ci/services/Services'
 - vtable length      5  (start addr: 0x0000000800c41970)
 - itable length      2 (start addr: 0x0000000800c41998)
 - ---- static fields (3 words):
 - public static final 'IS_BUILDING_NATIVE_IMAGE' 'Z' @128 
 - public static final 'IS_IN_NATIVE_IMAGE' 'Z' @129 
 - private static volatile 'savedProperties' 'Ljava/util/Map;' @112 
 - static final 'JVMCI_ENABLED' 'Z' @130 
 - private static final 'servicesCache' 'Ljava/util/Map;' @116 
 - private static final 'MAX_UNICODE_IN_UTF8_LENGTH' 'I' @120 
 - private static final 'MAX_UTF8_PROPERTY_STRING_LENGTH' 'I' @124 
 - ---- non-static fields (0 words):
 - non-static oop maps: 
stack at sp + 4 slots: 0x00007f7db5246500 is pointing into the stack for thread: 0x00007f7dd00b2230
stack at sp + 5 slots: 0x00007f7dd58b82fe: <offset 0x000000000093e2fe> in /nix/store/gpxl5qgg8kicmcvivwmybwjlpf7wh20l-graalvm17-ce-22.3.0/lib/server/libjvm.so at 0x00007f7dd4f7a000
stack at sp + 6 slots: 0x00007f7db52463e0 is pointing into the stack for thread: 0x00007f7dd00b2230
stack at sp + 7 slots: 0x00007f7db5246440 is pointing into the stack for thread: 0x00007f7dd00b2230


---------------  P R O C E S S  ---------------

Threads class SMR info:
_java_thread_list=0x00007f7d4c166370, length=26, elements={
0x00007f7dd00266b0, 0x00007f7dd00a64f0, 0x00007f7dd00a7930, 0x00007f7dd00ae0a0,
0x00007f7dd00af450, 0x00007f7dd00b0840, 0x00007f7dd00b2230, 0x00007f7dd00b3740,
0x00007f7dd00b4b90, 0x00007f7dd00e8510, 0x00007f7dd012fcc0, 0x00007f7dd03322e0,
0x00007f7dd0365ef0, 0x00007f7dd0367f00, 0x00007f7dd0369ab0, 0x00007f7d640171d0,
0x00007f7d642a1380, 0x00007f7d64497350, 0x00007f7d64699df0, 0x00007f7dd0417b80,
0x00007f7dd04bbf10, 0x00007f7d3c001130, 0x00007f7d34000ff0, 0x00007f7d3842e1f0,
0x00007f7d3842ec20, 0x00007f7d2c003ae0
}

Java Threads: ( => current thread )
  0x00007f7dd00266b0 JavaThread "main" [_thread_blocked, id=33, stack(0x00007f7dd4d95000,0x00007f7dd4e95000)]
  0x00007f7dd00a64f0 JavaThread "Reference Handler" daemon [_thread_blocked, id=36, stack(0x00007f7db592e000,0x00007f7db5a2e000)]
  0x00007f7dd00a7930 JavaThread "Finalizer" daemon [_thread_blocked, id=37, stack(0x00007f7db582e000,0x00007f7db592e000)]
  0x00007f7dd00ae0a0 JavaThread "Signal Dispatcher" daemon [_thread_blocked, id=38, stack(0x00007f7db5448000,0x00007f7db5548000)]
  0x00007f7dd00af450 JavaThread "Service Thread" daemon [_thread_blocked, id=39, stack(0x00007f7db5348000,0x00007f7db5448000)]
  0x00007f7dd00b0840 JavaThread "Monitor Deflation Thread" daemon [_thread_blocked, id=40, stack(0x00007f7db5248000,0x00007f7db5348000)]
=>0x00007f7dd00b2230 JavaThread "JVMCI-native CompilerThread0" daemon [_thread_in_vm, id=41, stack(0x00007f7db5048000,0x00007f7db5248000)]
  0x00007f7dd00b3740 JavaThread "C1 CompilerThread0" daemon [_thread_blocked, id=42, stack(0x00007f7db4e48000,0x00007f7db5048000)]
  0x00007f7dd00b4b90 JavaThread "Sweeper thread" daemon [_thread_blocked, id=43, stack(0x00007f7db4d48000,0x00007f7db4e48000)]
  0x00007f7dd00e8510 JavaThread "Common-Cleaner" daemon [_thread_blocked, id=44, stack(0x00007f7db4c48000,0x00007f7db4d48000)]
  0x00007f7dd012fcc0 JavaThread "Notification Thread" daemon [_thread_blocked, id=45, stack(0x00007f7db4b48000,0x00007f7db4c48000)]
  0x00007f7dd03322e0 JavaThread "Active Thread: Equinox Container: e500fa6e-b711-4763-ab75-4581b9e6c974" [_thread_blocked, id=62, stack(0x00007f7db4800000,0x00007f7db4900000)]
  0x00007f7dd0365ef0 JavaThread "Framework Event Dispatcher: Equinox Container: e500fa6e-b711-4763-ab75-4581b9e6c974" daemon [_thread_blocked, id=63, stack(0x00007f7db4600000,0x00007f7db4700000)]
  0x00007f7dd0367f00 JavaThread "Start Level: Equinox Container: e500fa6e-b711-4763-ab75-4581b9e6c974" daemon [_thread_blocked, id=64, stack(0x00007f7db4400000,0x00007f7db4500000)]
  0x00007f7dd0369ab0 JavaThread "Refresh Thread: Equinox Container: e500fa6e-b711-4763-ab75-4581b9e6c974" daemon [_thread_blocked, id=73, stack(0x00007f7db4200000,0x00007f7db4300000)]
  0x00007f7d640171d0 JavaThread "SCR Component Actor" daemon [_thread_blocked, id=74, stack(0x00007f7db4000000,0x00007f7db4100000)]
  0x00007f7d642a1380 JavaThread "Worker-JM" [_thread_blocked, id=84, stack(0x00007f7d7c700000,0x00007f7d7c800000)]
  0x00007f7d64497350 JavaThread "Java indexing" daemon [_thread_blocked, id=95, stack(0x00007f7d7c100000,0x00007f7d7c200000)]
  0x00007f7d64699df0 JavaThread "Bundle File Closer" daemon [_thread_blocked, id=96, stack(0x00007f7d7bf00000,0x00007f7d7c000000)]
  0x00007f7dd0417b80 JavaThread "pool-3-thread-1" [_thread_blocked, id=105, stack(0x00007f7d7bd00000,0x00007f7d7be00000)]
  0x00007f7dd04bbf10 JavaThread "pool-2-thread-1" [_thread_in_native, id=107, stack(0x00007f7d7c900000,0x00007f7d7ca00000)]
  0x00007f7d3c001130 JavaThread "Worker-3" [_thread_blocked, id=116, stack(0x00007f7d7bb00000,0x00007f7d7bc00000)]
  0x00007f7d34000ff0 JavaThread "Worker-4: Compacting resource model" [_thread_blocked, id=117, stack(0x00007f7d7b900000,0x00007f7d7ba00000)]
  0x00007f7d3842e1f0 JavaThread "OkHttp repo.maven.apache.org" [_thread_in_native, id=188, stack(0x00007f7d7b700000,0x00007f7d7b800000)]
  0x00007f7d3842ec20 JavaThread "OkHttp ConnectionPool" daemon [_thread_blocked, id=189, stack(0x00007f7d7c800000,0x00007f7d7c900000)]
  0x00007f7d2c003ae0 JavaThread "OkHttp repo.maven.apache.org Writer" [_thread_blocked, id=191, stack(0x00007f7d7b500000,0x00007f7d7b600000)]

Other Threads:
  0x00007f7dd00a1c30 VMThread "VM Thread" [stack: 0x00007f7db5a30000,0x00007f7db5b30000] [id=35] _threads_hazard_ptr=0x00007f7d4c166370
  0x00007f7dd0131660 WatcherThread [stack: 0x00007f7db4a48000,0x00007f7db4b48000] [id=46]
  0x00007f7dd003df50 GCTaskThread "GC Thread#0" [stack: 0x00007f7dd4958000,0x00007f7dd4a58000] [id=34]

Threads with active compile tasks:
JVMCI-native CompilerThread0   357070 9785       4       java.util.HashSet::iterator (13 bytes)

VM state: synchronizing (normal execution)

VM Mutex/Monitor currently owned by a thread:  ([mutex/lock_event])
[0x00007f7dd0023860] Threads_lock - owner thread: 0x00007f7dd00a1c30
[0x00007f7dd0024010] Heap_lock - owner thread: 0x00007f7d3842ec20

OutOfMemory and StackOverflow Exception counts:
OutOfMemoryError java_heap_errors=2
LinkageErrors=65

Heap address: 0x00000000e0000000, size: 512 MB, Compressed Oops mode: 32-bit

CDS archive(s) mapped at: [0x0000000800000000-0x0000000800bc8000-0x0000000800bc8000), size 12353536, SharedBaseAddress: 0x0000000800000000, ArchiveRelocationMode: 0.
Compressed class space mapped at: 0x0000000800c00000-0x0000000840c00000, reserved size: 1073741824
Narrow klass base: 0x0000000800000000, Narrow klass shift: 0, Narrow klass range: 0x100000000

GC Precious Log:
 CPUs: 8 total, 1 available
 Memory: 1024M
 Large Page Support: Disabled
 NUMA Support: Disabled
 Compressed Oops: Enabled (32-bit)
 Alignments: Space 512K, Generation 512K, Heap 2M
 Heap Min Capacity: 100M
 Heap Initial Capacity: 100M
 Heap Max Capacity: 512M
 Pre-touch: Disabled
 Parallel Workers: 1

Heap:
 PSYoungGen      total 38400K, used 27648K [0x00000000f5580000, 0x00000000f8980000, 0x0000000100000000)
  eden space 27648K, 100% used [0x00000000f5580000,0x00000000f7080000,0x00000000f7080000)
  from space 10752K, 0% used [0x00000000f7f00000,0x00000000f7f00000,0x00000000f8980000)
  to   space 11776K, 0% used [0x00000000f7080000,0x00000000f7080000,0x00000000f7c00000)
 ParOldGen       total 349696K, used 349695K [0x00000000e0000000, 0x00000000f5580000, 0x00000000f5580000)
  object space 349696K, 99% used [0x00000000e0000000,0x00000000f557fff0,0x00000000f5580000)
 Metaspace       used 60347K, committed 61632K, reserved 1105920K
  class space    used 5912K, committed 6464K, reserved 1048576K

Card table byte_map: [0x00007f7dd4a58000,0x00007f7dd4b59000] _byte_map_base: 0x00007f7dd4358000

Marking Bits: (ParMarkBitMap*) 0x00007f7dd61a84c0
 Begin Bits: [0x00007f7db64b3000, 0x00007f7db6cb3000)
 End Bits:   [0x00007f7db6cb3000, 0x00007f7db74b3000)

Polling page: 0x00007f7dd4d72000

Metaspace:

Usage:
  Non-class:     53.16 MB used.
      Class:      5.77 MB used.
       Both:     58.93 MB used.

Virtual space:
  Non-class space:       56.00 MB reserved,      53.88 MB ( 96%) committed,  7 nodes.
      Class space:        1.00 GB reserved,       6.31 MB ( <1%) committed,  1 nodes.
             Both:        1.05 GB reserved,      60.19 MB (  6%) committed. 

Chunk freelists:
   Non-Class:  2.27 MB
       Class:  1.62 MB
        Both:  3.89 MB

MaxMetaspaceSize: unlimited
CompressedClassSpaceSize: 1.00 GB
Initial GC threshold: 21.00 MB
Current GC threshold: 100.31 MB
CDS: on
MetaspaceReclaimPolicy: balanced
 - commit_granule_bytes: 65536.
 - commit_granule_words: 8192.
 - virtual_space_node_default_size: 1048576.
 - enlarge_chunks_in_place: 1.
 - new_chunks_are_fully_committed: 0.
 - uncommit_free_chunks: 1.
 - use_allocation_guard: 0.
 - handle_deallocations: 1.


Internal statistics:

num_allocs_failed_limit: 6.
num_arena_births: 502.
num_arena_deaths: 152.
num_vsnodes_births: 8.
num_vsnodes_deaths: 0.
num_space_committed: 962.
num_space_uncommitted: 0.
num_chunks_returned_to_freelist: 213.
num_chunks_taken_from_freelist: 2849.
num_chunk_merges: 87.
num_chunk_splits: 1890.
num_chunks_enlarged: 1182.
num_purges: 4.
num_inconsistent_stats: 0.

CodeHeap 'non-profiled nmethods': size=120036Kb used=2522Kb max_used=2522Kb free=117513Kb
 bounds [0x00007f7dbef7a000, 0x00007f7dbf1fa000, 0x00007f7dc64b3000]
CodeHeap 'profiled nmethods': size=120032Kb used=15588Kb max_used=16880Kb free=104443Kb
 bounds [0x00007f7db7a42000, 0x00007f7db8ac2000, 0x00007f7dbef7a000]
CodeHeap 'non-nmethods': size=5692Kb used=1377Kb max_used=1398Kb free=4314Kb
 bounds [0x00007f7db74b3000, 0x00007f7db7723000, 0x00007f7db7a42000]
 total_blobs=8085 nmethods=7374 adapters=625
 compilation: enabled
              stopped_count=0, restarted_count=0
 full_count=0

JVMCI Events (20 events):
Event: 80.767 Thread 0x00007f7dd00b2230 compacted oop handles in JVMCI runtime 0 from 91 to 84
Event: 80.776 Thread 0x00007f7dd00b2230 compacted oop handles in JVMCI runtime 0 from 85 to 84
Event: 80.988 Thread 0x00007f7dd00b2230 compacted oop handles in JVMCI runtime 0 from 119 to 78
Event: 81.386 Thread 0x00007f7dd00b2230 compacted oop handles in JVMCI runtime 0 from 87 to 84
Event: 83.311 Thread 0x00007f7dd00b2230 compacted oop handles in JVMCI runtime 0 from 90 to 83
Event: 83.568 Thread 0x00007f7dd00b2230 compacted oop handles in JVMCI runtime 0 from 85 to 84
Event: 83.603 Thread 0x00007f7dd00b2230 compacted oop handles in JVMCI runtime 0 from 108 to 105
Event: 83.624 Thread 0x00007f7dd00b2230 compacted oop handles in JVMCI runtime 0 from 113 to 112
Event: 83.625 Thread 0x00007f7dd00b2230 compacted oop handles in JVMCI runtime 0 from 113 to 79
Event: 84.669 Thread 0x00007f7dd00b2230 detaching from JVMCI runtime 0: releasing idle compiler thread (0 other threads still attached)
Event: 84.669 Thread 0x00007f7dd00b2230 shutting down HotSpotJVMCIRuntime for JVMCI runtime 0
Event: 84.669 Thread 0x00007f7dd00b2230 shut down JVMCI runtime 0
Event: 84.675 Thread 0x00007f7dd00b2230 destroyed JavaVM[1]@0x00007f7d7d69e340 for JVMCI runtime 0
Event: 84.675 Thread 0x00007f7dd00b2230 compacted oop handles in JVMCI runtime 0 from 81 to 81
Event: 84.675 Thread 0x00007f7dd00b2230 releasing handles for JVMCI runtime 0: oop handles=81, metadata handles={total=1280, live=1276, blocks=40}
Event: 84.675 Thread 0x00007f7dd00b2230 detached from JVMCI runtime 0
Event: 333.778 Thread 0x00007f7dd00b2230 attached to JVMCI runtime 0
Event: 333.781 Thread 0x00007f7dd00b2230 created JavaVM[2]@0x00007f7d7a99e340 for JVMCI runtime 0
Event: 333.781 Thread 0x00007f7dd00b2230 initializing JVMCI runtime 0
Event: 333.781 Thread 0x00007f7dd00b2230 done waiting for JavaVM references initialization in JVMCI runtime 0

Compilation events (20 events):
Event: 83.576 Thread 0x00007f7dd00b2230 nmethod 9356 0x00007f7dbf1ee790 code [0x00007f7dbf1ee900, 0x00007f7dbf1ee960]
Event: 83.576 Thread 0x00007f7dd00b2230 6865       4       com.google.inject.Key$AnnotationInstanceStrategy::getAnnotationType (10 bytes)
Event: 83.578 Thread 0x00007f7dd00b2230 nmethod 6865 0x00007f7dbf1eea90 code [0x00007f7dbf1eec00, 0x00007f7dbf1eec70]
Event: 83.578 Thread 0x00007f7dd00b2230 8614       4       org.eclipse.jdt.internal.core.PackageFragmentRoot::getPath (5 bytes)
Event: 83.579 Thread 0x00007f7dd00b2230 nmethod 8614 0x00007f7dbf1eed90 code [0x00007f7dbf1eef00, 0x00007f7dbf1eef60]
Event: 83.579 Thread 0x00007f7dd00b2230 9719       4       org.eclipse.jdt.internal.core.search.matching.ConstructorPattern::createDefaultDeclarationIndexKey (13 bytes)
Event: 83.603 Thread 0x00007f7dd00b2230 nmethod 9719 0x00007f7dbf1ef090 code [0x00007f7dbf1ef220, 0x00007f7dbf1ef700]
Event: 83.604 Thread 0x00007f7dd00b2230 8972       4       org.eclipse.jdt.internal.compiler.util.ObjectVector::elementAt (7 bytes)
Event: 83.605 Thread 0x00007f7dd00b2230 nmethod 8972 0x00007f7dbf1efa10 code [0x00007f7dbf1efb80, 0x00007f7dbf1efc20]
Event: 83.605 Thread 0x00007f7dd00b2230 8169       4       jdk.internal.reflect.AccessorGenerator::sub (5 bytes)
Event: 83.605 Thread 0x00007f7dd00b2230 nmethod 8169 0x00007f7dbf1efd10 code [0x00007f7dbf1efe80, 0x00007f7dbf1efea0]
Event: 83.605 Thread 0x00007f7dd00b2230 9507       4       org.eclipse.jdt.internal.compiler.lookup.TypeBinding::leafComponentType (2 bytes)
Event: 83.606 Thread 0x00007f7dd00b2230 nmethod 9507 0x00007f7dbf1f0010 code [0x00007f7dbf1f0180, 0x00007f7dbf1f01c0]
Event: 83.606 Thread 0x00007f7dd00b2230 5352       4       org.eclipse.jdt.core.search.SearchDocument::addIndexEntry (21 bytes)
Event: 83.624 Thread 0x00007f7dd00b2230 nmethod 5352 0x00007f7dbf1f0310 code [0x00007f7dbf1f04a0, 0x00007f7dbf1f05c0]
Event: 83.624 Thread 0x00007f7dd00b2230 5353       4       org.eclipse.jdt.internal.core.index.Index::addIndexEntry (11 bytes)
Event: 83.669 Thread 0x00007f7dd00b2230 nmethod 5353 0x00007f7dbf1f0790 code [0x00007f7dbf1f0920, 0x00007f7dbf1f09b0]
Event: 228.479 Thread 0x00007f7dd00b3740 9784       3       java.util.concurrent.Executors$RunnableAdapter::call (14 bytes)
Event: 234.828 Thread 0x00007f7dd00b3740 nmethod 9784 0x00007f7db825a990 code [0x00007f7db825ab40, 0x00007f7db825ae80]
Event: 333.778 Thread 0x00007f7dd00b2230 9785       4       java.util.HashSet::iterator (13 bytes)

GC Heap History (20 events):
Event: 339.338 GC heap before
{Heap before GC invocations=239 (full 142):
 PSYoungGen      total 38400K, used 27647K [0x00000000f5580000, 0x00000000f8980000, 0x0000000100000000)
  eden space 27648K, 99% used [0x00000000f5580000,0x00000000f707ffe0,0x00000000f7080000)
  from space 10752K, 0% used [0x00000000f7f00000,0x00000000f7f00000,0x00000000f8980000)
  to   space 11776K, 0% used [0x00000000f7080000,0x00000000f7080000,0x00000000f7c00000)
 ParOldGen       total 349696K, used 349692K [0x00000000e0000000, 0x00000000f5580000, 0x00000000f5580000)
  object space 349696K, 99% used [0x00000000e0000000,0x00000000f557f048,0x00000000f5580000)
 Metaspace       used 60345K, committed 61632K, reserved 1105920K
  class space    used 5911K, committed 6464K, reserved 1048576K
}
Event: 341.291 GC heap after
{Heap after GC invocations=239 (full 142):
 PSYoungGen      total 39424K, used 27647K [0x00000000f5580000, 0x00000000f8980000, 0x0000000100000000)
  eden space 27648K, 99% used [0x00000000f5580000,0x00000000f707ffe0,0x00000000f7080000)
  from space 11776K, 0% used [0x00000000f7080000,0x00000000f7080000,0x00000000f7c00000)
  to   space 10752K, 0% used [0x00000000f7f00000,0x00000000f7f00000,0x00000000f8980000)
 ParOldGen       total 349696K, used 349692K [0x00000000e0000000, 0x00000000f5580000, 0x00000000f5580000)
  object space 349696K, 99% used [0x00000000e0000000,0x00000000f557f048,0x00000000f5580000)
 Metaspace       used 60345K, committed 61632K, reserved 1105920K
  class space    used 5911K, committed 6464K, reserved 1048576K
}
Event: 341.292 GC heap before
{Heap before GC invocations=240 (full 143):
 PSYoungGen      total 39424K, used 27647K [0x00000000f5580000, 0x00000000f8980000, 0x0000000100000000)
  eden space 27648K, 99% used [0x00000000f5580000,0x00000000f707fff8,0x00000000f7080000)
  from space 11776K, 0% used [0x00000000f7080000,0x00000000f7080000,0x00000000f7c00000)
  to   space 10752K, 0% used [0x00000000f7f00000,0x00000000f7f00000,0x00000000f8980000)
 ParOldGen       total 349696K, used 349695K [0x00000000e0000000, 0x00000000f5580000, 0x00000000f5580000)
  object space 349696K, 99% used [0x00000000e0000000,0x00000000f557ff78,0x00000000f5580000)
 Metaspace       used 60345K, committed 61632K, reserved 1105920K
  class space    used 5911K, committed 6464K, reserved 1048576K
}
Event: 342.997 GC heap after
{Heap after GC invocations=240 (full 143):
 PSYoungGen      total 38400K, used 27647K [0x00000000f5580000, 0x00000000f8980000, 0x0000000100000000)
  eden space 27648K, 99% used [0x00000000f5580000,0x00000000f707ffa0,0x00000000f7080000)
  from space 10752K, 0% used [0x00000000f7f00000,0x00000000f7f00000,0x00000000f8980000)
  to   space 11776K, 0% used [0x00000000f7080000,0x00000000f7080000,0x00000000f7c00000)
 ParOldGen       total 349696K, used 349693K [0x00000000e0000000, 0x00000000f5580000, 0x00000000f5580000)
  object space 349696K, 99% used [0x00000000e0000000,0x00000000f557f630,0x00000000f5580000)
 Metaspace       used 60345K, committed 61632K, reserved 1105920K
  class space    used 5911K, committed 6464K, reserved 1048576K
}
Event: 343.002 GC heap before
{Heap before GC invocations=241 (full 144):
 PSYoungGen      total 38400K, used 27647K [0x00000000f5580000, 0x00000000f8980000, 0x0000000100000000)
  eden space 27648K, 99% used [0x00000000f5580000,0x00000000f707fff8,0x00000000f7080000)
  from space 10752K, 0% used [0x00000000f7f00000,0x00000000f7f00000,0x00000000f8980000)
  to   space 11776K, 0% used [0x00000000f7080000,0x00000000f7080000,0x00000000f7c00000)
 ParOldGen       total 349696K, used 349695K [0x00000000e0000000, 0x00000000f5580000, 0x00000000f5580000)
  object space 349696K, 99% used [0x00000000e0000000,0x00000000f557fe38,0x00000000f5580000)
 Metaspace       used 60347K, committed 61632K, reserved 1105920K
  class space    used 5912K, committed 6464K, reserved 1048576K
}
Event: 344.719 GC heap after
{Heap after GC invocations=241 (full 144):
 PSYoungGen      total 39424K, used 27647K [0x00000000f5580000, 0x00000000f8980000, 0x0000000100000000)
  eden space 27648K, 99% used [0x00000000f5580000,0x00000000f707ff38,0x00000000f7080000)
  from space 11776K, 0% used [0x00000000f7080000,0x00000000f7080000,0x00000000f7c00000)
  to   space 10752K, 0% used [0x00000000f7f00000,0x00000000f7f00000,0x00000000f8980000)
 ParOldGen       total 349696K, used 349693K [0x00000000e0000000, 0x00000000f5580000, 0x00000000f5580000)
  object space 349696K, 99% used [0x00000000e0000000,0x00000000f557f4c8,0x00000000f5580000)
 Metaspace       used 60347K, committed 61632K, reserved 1105920K
  class space    used 5912K, committed 6464K, reserved 1048576K
}
Event: 344.720 GC heap before
{Heap before GC invocations=242 (full 145):
 PSYoungGen      total 39424K, used 27648K [0x00000000f5580000, 0x00000000f8980000, 0x0000000100000000)
  eden space 27648K, 100% used [0x00000000f5580000,0x00000000f7080000,0x00000000f7080000)
  from space 11776K, 0% used [0x00000000f7080000,0x00000000f7080000,0x00000000f7c00000)
  to   space 10752K, 0% used [0x00000000f7f00000,0x00000000f7f00000,0x00000000f8980000)
 ParOldGen       total 349696K, used 349693K [0x00000000e0000000, 0x00000000f5580000, 0x00000000f5580000)
  object space 349696K, 99% used [0x00000000e0000000,0x00000000f557f4c8,0x00000000f5580000)
 Metaspace       used 60347K, committed 61632K, reserved 1105920K
  class space    used 5912K, committed 6464K, reserved 1048576K
}
Event: 346.324 GC heap after
{Heap after GC invocations=242 (full 145):
 PSYoungGen      total 38400K, used 27648K [0x00000000f5580000, 0x00000000f8980000, 0x0000000100000000)
  eden space 27648K, 100% used [0x00000000f5580000,0x00000000f7080000,0x00000000f7080000)
  from space 10752K, 0% used [0x00000000f7f00000,0x00000000f7f00000,0x00000000f8980000)
  to   space 11776K, 0% used [0x00000000f7080000,0x00000000f7080000,0x00000000f7c00000)
 ParOldGen       total 349696K, used 349693K [0x00000000e0000000, 0x00000000f5580000, 0x00000000f5580000)
  object space 349696K, 99% used [0x00000000e0000000,0x00000000f557f4c8,0x00000000f5580000)
 Metaspace       used 60347K, committed 61632K, reserved 1105920K
  class space    used 5912K, committed 6464K, reserved 1048576K
}
Event: 346.325 GC heap before
{Heap before GC invocations=243 (full 146):
 PSYoungGen      total 38400K, used 27648K [0x00000000f5580000, 0x00000000f8980000, 0x0000000100000000)
  eden space 27648K, 100% used [0x00000000f5580000,0x00000000f7080000,0x00000000f7080000)
  from space 10752K, 0% used [0x00000000f7f00000,0x00000000f7f00000,0x00000000f8980000)
  to   space 11776K, 0% used [0x00000000f7080000,0x00000000f7080000,0x00000000f7c00000)
 ParOldGen       total 349696K, used 349694K [0x00000000e0000000, 0x00000000f5580000, 0x00000000f5580000)
  object space 349696K, 99% used [0x00000000e0000000,0x00000000f557f948,0x00000000f5580000)
 Metaspace       used 60347K, committed 61632K, reserved 1105920K
  class space    used 5912K, committed 6464K, reserved 1048576K
}
Event: 348.105 GC heap after
{Heap after GC invocations=243 (full 146):
 PSYoungGen      total 39424K, used 27648K [0x00000000f5580000, 0x00000000f8980000, 0x0000000100000000)
  eden space 27648K, 100% used [0x00000000f5580000,0x00000000f7080000,0x00000000f7080000)
  from space 11776K, 0% used [0x00000000f7080000,0x00000000f7080000,0x00000000f7c00000)
  to   space 10752K, 0% used [0x00000000f7f00000,0x00000000f7f00000,0x00000000f8980000)
 ParOldGen       total 349696K, used 349693K [0x00000000e0000000, 0x00000000f5580000, 0x00000000f5580000)
  object space 349696K, 99% used [0x00000000e0000000,0x00000000f557f618,0x00000000f5580000)
 Metaspace       used 60347K, committed 61632K, reserved 1105920K
  class space    used 5912K, committed 6464K, reserved 1048576K
}
Event: 348.106 GC heap before
{Heap before GC invocations=244 (full 147):
 PSYoungGen      total 39424K, used 27648K [0x00000000f5580000, 0x00000000f8980000, 0x0000000100000000)
  eden space 27648K, 100% used [0x00000000f5580000,0x00000000f7080000,0x00000000f7080000)
  from space 11776K, 0% used [0x00000000f7080000,0x00000000f7080000,0x00000000f7c00000)
  to   space 10752K, 0% used [0x00000000f7f00000,0x00000000f7f00000,0x00000000f8980000)
 ParOldGen       total 349696K, used 349693K [0x00000000e0000000, 0x00000000f5580000, 0x00000000f5580000)
  object space 349696K, 99% used [0x00000000e0000000,0x00000000f557f660,0x00000000f5580000)
 Metaspace       used 60347K, committed 61632K, reserved 1105920K
  class space    used 5912K, committed 6464K, reserved 1048576K
}
Event: 349.842 GC heap after
{Heap after GC invocations=244 (full 147):
 PSYoungGen      total 38400K, used 27648K [0x00000000f5580000, 0x00000000f8980000, 0x0000000100000000)
  eden space 27648K, 100% used [0x00000000f5580000,0x00000000f7080000,0x00000000f7080000)
  from space 10752K, 0% used [0x00000000f7f00000,0x00000000f7f00000,0x00000000f8980000)
  to   space 11776K, 0% used [0x00000000f7080000,0x00000000f7080000,0x00000000f7c00000)
 ParOldGen       total 349696K, used 349693K [0x00000000e0000000, 0x00000000f5580000, 0x00000000f5580000)
  object space 349696K, 99% used [0x00000000e0000000,0x00000000f557f630,0x00000000f5580000)
 Metaspace       used 60347K, committed 61632K, reserved 1105920K
  class space    used 5912K, committed 6464K, reserved 1048576K
}
Event: 349.842 GC heap before
{Heap before GC invocations=245 (full 148):
 PSYoungGen      total 38400K, used 27648K [0x00000000f5580000, 0x00000000f8980000, 0x0000000100000000)
  eden space 27648K, 100% used [0x00000000f5580000,0x00000000f7080000,0x00000000f7080000)
  from space 10752K, 0% used [0x00000000f7f00000,0x00000000f7f00000,0x00000000f8980000)
  to   space 11776K, 0% used [0x00000000f7080000,0x00000000f7080000,0x00000000f7c00000)
 ParOldGen       total 349696K, used 349693K [0x00000000e0000000, 0x00000000f5580000, 0x00000000f5580000)
  object space 349696K, 99% used [0x00000000e0000000,0x00000000f557f630,0x00000000f5580000)
 Metaspace       used 60347K, committed 61632K, reserved 1105920K
  class space    used 5912K, committed 6464K, reserved 1048576K
}
Event: 351.723 GC heap after
{Heap after GC invocations=245 (full 148):
 PSYoungGen      total 39424K, used 27648K [0x00000000f5580000, 0x00000000f8980000, 0x0000000100000000)
  eden space 27648K, 100% used [0x00000000f5580000,0x00000000f7080000,0x00000000f7080000)
  from space 11776K, 0% used [0x00000000f7080000,0x00000000f7080000,0x00000000f7c00000)
  to   space 10752K, 0% used [0x00000000f7f00000,0x00000000f7f00000,0x00000000f8980000)
 ParOldGen       total 349696K, used 349693K [0x00000000e0000000, 0x00000000f5580000, 0x00000000f5580000)
  object space 349696K, 99% used [0x00000000e0000000,0x00000000f557f630,0x00000000f5580000)
 Metaspace       used 60347K, committed 61632K, reserved 1105920K
  class space    used 5912K, committed 6464K, reserved 1048576K
}
Event: 351.724 GC heap before
{Heap before GC invocations=246 (full 149):
 PSYoungGen      total 39424K, used 27648K [0x00000000f5580000, 0x00000000f8980000, 0x0000000100000000)
  eden space 27648K, 100% used [0x00000000f5580000,0x00000000f7080000,0x00000000f7080000)
  from space 11776K, 0% used [0x00000000f7080000,0x00000000f7080000,0x00000000f7c00000)
  to   space 10752K, 0% used [0x00000000f7f00000,0x00000000f7f00000,0x00000000f8980000)
 ParOldGen       total 349696K, used 349693K [0x00000000e0000000, 0x00000000f5580000, 0x00000000f5580000)
  object space 349696K, 99% used [0x00000000e0000000,0x00000000f557f648,0x00000000f5580000)
 Metaspace       used 60347K, committed 61632K, reserved 1105920K
  class space    used 5912K, committed 6464K, reserved 1048576K
}
Event: 353.392 GC heap after
{Heap after GC invocations=246 (full 149):
 PSYoungGen      total 38400K, used 27648K [0x00000000f5580000, 0x00000000f8980000, 0x0000000100000000)
  eden space 27648K, 100% used [0x00000000f5580000,0x00000000f7080000,0x00000000f7080000)
  from space 10752K, 0% used [0x00000000f7f00000,0x00000000f7f00000,0x00000000f8980000)
  to   space 11776K, 0% used [0x00000000f7080000,0x00000000f7080000,0x00000000f7c00000)
 ParOldGen       total 349696K, used 349692K [0x00000000e0000000, 0x00000000f5580000, 0x00000000f5580000)
  object space 349696K, 99% used [0x00000000e0000000,0x00000000f557f090,0x00000000f5580000)
 Metaspace       used 60347K, committed 61632K, reserved 1105920K
  class space    used 5912K, committed 6464K, reserved 1048576K
}
Event: 353.393 GC heap before
{Heap before GC invocations=247 (full 150):
 PSYoungGen      total 38400K, used 27648K [0x00000000f5580000, 0x00000000f8980000, 0x0000000100000000)
  eden space 27648K, 100% used [0x00000000f5580000,0x00000000f7080000,0x00000000f7080000)
  from space 10752K, 0% used [0x00000000f7f00000,0x00000000f7f00000,0x00000000f8980000)
  to   space 11776K, 0% used [0x00000000f7080000,0x00000000f7080000,0x00000000f7c00000)
 ParOldGen       total 349696K, used 349695K [0x00000000e0000000, 0x00000000f5580000, 0x00000000f5580000)
  object space 349696K, 99% used [0x00000000e0000000,0x00000000f557ff00,0x00000000f5580000)
 Metaspace       used 60347K, committed 61632K, reserved 1105920K
  class space    used 5912K, committed 6464K, reserved 1048576K
}
Event: 355.165 GC heap after
{Heap after GC invocations=247 (full 150):
 PSYoungGen      total 39424K, used 27648K [0x00000000f5580000, 0x00000000f8980000, 0x0000000100000000)
  eden space 27648K, 100% used [0x00000000f5580000,0x00000000f7080000,0x00000000f7080000)
  from space 11776K, 0% used [0x00000000f7080000,0x00000000f7080000,0x00000000f7c00000)
  to   space 10752K, 0% used [0x00000000f7f00000,0x00000000f7f00000,0x00000000f8980000)
 ParOldGen       total 349696K, used 349695K [0x00000000e0000000, 0x00000000f5580000, 0x00000000f5580000)
  object space 349696K, 99% used [0x00000000e0000000,0x00000000f557fd98,0x00000000f5580000)
 Metaspace       used 60347K, committed 61632K, reserved 1105920K
  class space    used 5912K, committed 6464K, reserved 1048576K
}
Event: 355.165 GC heap before
{Heap before GC invocations=248 (full 151):
 PSYoungGen      total 39424K, used 27648K [0x00000000f5580000, 0x00000000f8980000, 0x0000000100000000)
  eden space 27648K, 100% used [0x00000000f5580000,0x00000000f7080000,0x00000000f7080000)
  from space 11776K, 0% used [0x00000000f7080000,0x00000000f7080000,0x00000000f7c00000)
  to   space 10752K, 0% used [0x00000000f7f00000,0x00000000f7f00000,0x00000000f8980000)
 ParOldGen       total 349696K, used 349695K [0x00000000e0000000, 0x00000000f5580000, 0x00000000f5580000)
  object space 349696K, 99% used [0x00000000e0000000,0x00000000f557fd98,0x00000000f5580000)
 Metaspace       used 60347K, committed 61632K, reserved 1105920K
  class space    used 5912K, committed 6464K, reserved 1048576K
}
Event: 356.913 GC heap after
{Heap after GC invocations=248 (full 151):
 PSYoungGen      total 38400K, used 27648K [0x00000000f5580000, 0x00000000f8980000, 0x0000000100000000)
  eden space 27648K, 100% used [0x00000000f5580000,0x00000000f7080000,0x00000000f7080000)
  from space 10752K, 0% used [0x00000000f7f00000,0x00000000f7f00000,0x00000000f8980000)
  to   space 11776K, 0% used [0x00000000f7080000,0x00000000f7080000,0x00000000f7c00000)
 ParOldGen       total 349696K, used 349695K [0x00000000e0000000, 0x00000000f5580000, 0x00000000f5580000)
  object space 349696K, 99% used [0x00000000e0000000,0x00000000f557fd98,0x00000000f5580000)
 Metaspace       used 60347K, committed 61632K, reserved 1105920K
  class space    used 5912K, committed 6464K, reserved 1048576K
}

Dll operation events (9 events):
Event: 0.005 Loaded shared library /nix/store/gpxl5qgg8kicmcvivwmybwjlpf7wh20l-graalvm17-ce-22.3.0/lib/libjava.so
Event: 0.012 Loaded shared library /nix/store/gpxl5qgg8kicmcvivwmybwjlpf7wh20l-graalvm17-ce-22.3.0/lib/libjsvml.so
Event: 0.286 Loaded shared library /nix/store/gpxl5qgg8kicmcvivwmybwjlpf7wh20l-graalvm17-ce-22.3.0/lib/libnio.so
Event: 0.294 Loaded shared library /nix/store/gpxl5qgg8kicmcvivwmybwjlpf7wh20l-graalvm17-ce-22.3.0/lib/libzip.so
Event: 0.298 Loaded shared library /nix/store/gpxl5qgg8kicmcvivwmybwjlpf7wh20l-graalvm17-ce-22.3.0/lib/libjvmcicompiler.so
Event: 0.826 Loaded shared library /nix/store/gpxl5qgg8kicmcvivwmybwjlpf7wh20l-graalvm17-ce-22.3.0/lib/libjimage.so
Event: 1.303 Loaded shared library /nix/store/gpxl5qgg8kicmcvivwmybwjlpf7wh20l-graalvm17-ce-22.3.0/lib/libnet.so
Event: 5.588 Loaded shared library /home/runner/.cache/jdt-language-server/config/org.eclipse.equinox.launcher/org.eclipse.equinox.launcher.gtk.linux.x86_64_1.2.400.v20211117-0650/eclipse_11600.so
Event: 17.495 Loaded shared library /nix/store/gpxl5qgg8kicmcvivwmybwjlpf7wh20l-graalvm17-ce-22.3.0/lib/libextnet.so

Deoptimization events (20 events):
Event: 83.479 Thread 0x00007f7d64497350 DEOPT PACKING pc=0x00007f7db880b35d sp=0x00007f7d7c1fe530
Event: 83.479 Thread 0x00007f7d64497350 DEOPT UNPACKING pc=0x00007f7db7505325 sp=0x00007f7d7c1fda20 mode 0
Event: 83.483 Thread 0x00007f7d64497350 DEOPT PACKING pc=0x00007f7db880b35d sp=0x00007f7d7c1fe530
Event: 83.483 Thread 0x00007f7d64497350 DEOPT UNPACKING pc=0x00007f7db7505325 sp=0x00007f7d7c1fda20 mode 0
Event: 83.495 Thread 0x00007f7d64497350 DEOPT PACKING pc=0x00007f7db880b35d sp=0x00007f7d7c1fe530
Event: 83.495 Thread 0x00007f7d64497350 DEOPT UNPACKING pc=0x00007f7db7505325 sp=0x00007f7d7c1fda20 mode 0
Event: 83.500 Thread 0x00007f7d64497350 DEOPT PACKING pc=0x00007f7db880b35d sp=0x00007f7d7c1fe530
Event: 83.500 Thread 0x00007f7d64497350 DEOPT UNPACKING pc=0x00007f7db7505325 sp=0x00007f7d7c1fda20 mode 0
Event: 83.505 Thread 0x00007f7d64497350 DEOPT PACKING pc=0x00007f7db880b35d sp=0x00007f7d7c1fe530
Event: 83.505 Thread 0x00007f7d64497350 DEOPT UNPACKING pc=0x00007f7db7505325 sp=0x00007f7d7c1fda20 mode 0
Event: 83.507 Thread 0x00007f7d64497350 DEOPT PACKING pc=0x00007f7db880b35d sp=0x00007f7d7c1fe530
Event: 83.507 Thread 0x00007f7d64497350 DEOPT UNPACKING pc=0x00007f7db7505325 sp=0x00007f7d7c1fda20 mode 0
Event: 83.516 Thread 0x00007f7d64497350 DEOPT PACKING pc=0x00007f7db880b35d sp=0x00007f7d7c1fe530
Event: 83.516 Thread 0x00007f7d64497350 DEOPT UNPACKING pc=0x00007f7db7505325 sp=0x00007f7d7c1fda20 mode 0
Event: 83.517 Thread 0x00007f7d64497350 DEOPT PACKING pc=0x00007f7db880b35d sp=0x00007f7d7c1fe530
Event: 83.517 Thread 0x00007f7d64497350 DEOPT UNPACKING pc=0x00007f7db7505325 sp=0x00007f7d7c1fda20 mode 0
Event: 351.723 Thread 0x00007f7dd00b2230 Uncommon trap: trap_request=0xffffff8f fr.pc=0x00007f7dbf044f9b relative=0x000000000000017b
Event: 351.723 Thread 0x00007f7dd00b2230 Uncommon trap: reason=constraint action=none pc=0x00007f7dbf044f9b method=java.io.ByteArrayOutputStream.<init>(I)V @ 0 jvmci
Event: 351.723 Thread 0x00007f7dd00b2230 DEOPT PACKING pc=0x00007f7dbf044f9b sp=0x00007f7db5246020
Event: 351.723 Thread 0x00007f7dd00b2230 DEOPT UNPACKING pc=0x00007f7db7505325 sp=0x00007f7db52454c8 mode 3

Classes unloaded (20 events):
Event: 94.696 Thread 0x00007f7dd00a1c30 Unloading class 0x0000000800ef8800 'jdk/internal/reflect/GeneratedConstructorAccessor10'
Event: 94.696 Thread 0x00007f7dd00a1c30 Unloading class 0x0000000800d99000 'java/lang/invoke/LambdaForm$MH+0x0000000800d99000'
Event: 94.696 Thread 0x00007f7dd00a1c30 Unloading class 0x0000000800d98c00 'java/lang/invoke/LambdaForm$MH+0x0000000800d98c00'
Event: 94.696 Thread 0x00007f7dd00a1c30 Unloading class 0x0000000800d98800 'java/lang/invoke/LambdaForm$MH+0x0000000800d98800'
Event: 94.696 Thread 0x00007f7dd00a1c30 Unloading class 0x0000000800d98400 'java/lang/invoke/LambdaForm$MH+0x0000000800d98400'
Event: 94.696 Thread 0x00007f7dd00a1c30 Unloading class 0x0000000800d98000 'jdk/internal/reflect/GeneratedConstructorAccessor3'
Event: 94.697 Thread 0x00007f7dd00a1c30 Unloading class 0x0000000800d06800 'java/lang/invoke/LambdaForm$MH+0x0000000800d06800'
Event: 94.697 Thread 0x00007f7dd00a1c30 Unloading class 0x0000000800d06000 'java/lang/invoke/LambdaForm$MH+0x0000000800d06000'
Event: 94.697 Thread 0x00007f7dd00a1c30 Unloading class 0x0000000800d05c00 'java/lang/invoke/LambdaForm$MH+0x0000000800d05c00'
Event: 94.697 Thread 0x00007f7dd00a1c30 Unloading class 0x0000000800d05800 'java/lang/invoke/LambdaForm$MH+0x0000000800d05800'
Event: 94.697 Thread 0x00007f7dd00a1c30 Unloading class 0x0000000800d05000 'java/lang/invoke/LambdaForm$MH+0x0000000800d05000'
Event: 94.697 Thread 0x00007f7dd00a1c30 Unloading class 0x0000000800d04c00 'java/lang/invoke/LambdaForm$MH+0x0000000800d04c00'
Event: 94.697 Thread 0x00007f7dd00a1c30 Unloading class 0x0000000800d04800 'java/lang/invoke/LambdaForm$MH+0x0000000800d04800'
Event: 94.697 Thread 0x00007f7dd00a1c30 Unloading class 0x0000000800d04000 'java/lang/invoke/LambdaForm$MH+0x0000000800d04000'
Event: 94.697 Thread 0x00007f7dd00a1c30 Unloading class 0x0000000800c1d000 'jdk/internal/reflect/GeneratedMethodAccessor5'
Event: 94.697 Thread 0x00007f7dd00a1c30 Unloading class 0x0000000800c1cc00 'jdk/internal/reflect/GeneratedMethodAccessor4'
Event: 94.697 Thread 0x00007f7dd00a1c30 Unloading class 0x0000000800c1c800 'jdk/internal/reflect/GeneratedMethodAccessor3'
Event: 94.697 Thread 0x00007f7dd00a1c30 Unloading class 0x0000000800c1c400 'jdk/internal/reflect/GeneratedMethodAccessor2'
Event: 94.697 Thread 0x00007f7dd00a1c30 Unloading class 0x0000000800c1c000 'jdk/internal/reflect/GeneratedMethodAccessor1'
Event: 94.697 Thread 0x00007f7dd00a1c30 Unloading class 0x0000000800c01c00 'java/lang/invoke/LambdaForm$DMH+0x0000000800c01c00'

Classes redefined (0 events):
No events

Internal exceptions (20 events):
Event: 49.587 Thread 0x00007f7d64304da0 Exception <a 'java/lang/NoSuchMethodError'{0x00000000f56ec948}: 'java.lang.Object java.lang.invoke.DirectMethodHandle$Holder.invokeSpecial(java.lang.Object, java.lang.Object, java.lang.Object, java.lang.Object, int, java.lang.Object)'> (0x00000000f56ec948) 
thrown [src/hotspot/share/interpreter/linkResolver.cpp, line 758]
Event: 49.592 Thread 0x00007f7d64304da0 Exception <a 'java/lang/NoSuchMethodError'{0x00000000f56f0f70}: 'java.lang.Object java.lang.invoke.Invokers$Holder.linkToTargetMethod(java.lang.Object, java.lang.Object, int, java.lang.Object, java.lang.Object)'> (0x00000000f56f0f70) 
thrown [src/hotspot/share/interpreter/linkResolver.cpp, line 758]
Event: 55.287 Thread 0x00007f7d64304da0 Exception <a 'java/lang/NoSuchMethodError'{0x00000000f5b1e738}: 'java.lang.Object java.lang.invoke.DirectMethodHandle$Holder.invokeStatic(java.lang.Object, java.lang.Object, java.lang.Object, long)'> (0x00000000f5b1e738) 
thrown [src/hotspot/share/interpreter/linkResolver.cpp, line 758]
Event: 55.288 Thread 0x00007f7d64304da0 Exception <a 'java/lang/NoSuchMethodError'{0x00000000f5b77720}: 'java.lang.Object java.lang.invoke.DirectMethodHandle$Holder.newInvokeSpecial(java.lang.Object, java.lang.Object, java.lang.Object, long)'> (0x00000000f5b77720) 
thrown [src/hotspot/share/interpreter/linkResolver.cpp, line 758]
Event: 55.288 Thread 0x00007f7d64304da0 Exception <a 'java/lang/NoSuchMethodError'{0x00000000f5b85f30}: 'java.lang.Object java.lang.invoke.DirectMethodHandle$Holder.invokeSpecial(java.lang.Object, java.lang.Object, java.lang.Object, java.lang.Object, long)'> (0x00000000f5b85f30) 
thrown [src/hotspot/share/interpreter/linkResolver.cpp, line 758]
Event: 55.289 Thread 0x00007f7d64304da0 Exception <a 'java/lang/NoSuchMethodError'{0x00000000f5b89f70}: 'java.lang.Object java.lang.invoke.Invokers$Holder.linkToTargetMethod(java.lang.Object, java.lang.Object, long, java.lang.Object)'> (0x00000000f5b89f70) 
thrown [src/hotspot/share/interpreter/linkResolver.cpp, line 758]
Event: 56.677 Thread 0x00007f7d64304da0 Exception <a 'java/io/FileNotFoundException'{0x00000000f67efbd0}> (0x00000000f67efbd0) 
thrown [src/hotspot/share/prims/jni.cpp, line 516]
Event: 56.684 Thread 0x00007f7d64304da0 Exception <a 'java/lang/NoSuchMethodError'{0x00000000f68cd748}: 'java.lang.Object java.lang.invoke.DirectMethodHandle$Holder.newInvokeSpecial(java.lang.Object, java.lang.Object, int, java.lang.Object, java.lang.Object)'> (0x00000000f68cd748) 
thrown [src/hotspot/share/interpreter/linkResolver.cpp, line 758]
Event: 56.685 Thread 0x00007f7d64304da0 Exception <a 'java/lang/NoSuchMethodError'{0x00000000f68d1bd8}: 'java.lang.Object java.lang.invoke.DirectMethodHandle$Holder.invokeSpecial(java.lang.Object, java.lang.Object, java.lang.Object, int, java.lang.Object, java.lang.Object)'> (0x00000000f68d1bd8) 
thrown [src/hotspot/share/interpreter/linkResolver.cpp, line 758]
Event: 57.383 Thread 0x00007f7dd04bbf10 Implicit null exception at 0x00007f7dbf19434f to 0x00007f7dbf1949ab
Event: 59.268 Thread 0x00007f7d58007280 Implicit null exception at 0x00007f7dbefadc55 to 0x00007f7dbefadf65
Event: 59.268 Thread 0x00007f7d58007280 Implicit null exception at 0x00007f7dbefac590 to 0x00007f7dbefac865
Event: 60.881 Thread 0x00007f7d58007280 Implicit null exception at 0x00007f7dbf0e95a2 to 0x00007f7dbf0e9932
Event: 61.566 Thread 0x00007f7d58007280 Implicit null exception at 0x00007f7dbf0b7dc2 to 0x00007f7dbf0b8335
Event: 70.978 Thread 0x00007f7d60177ca0 Exception <a 'java/lang/NoSuchMethodError'{0x00000000f5e00ab0}: 'void java.lang.invoke.DirectMethodHandle$Holder.invokeSpecial(java.lang.Object, java.lang.Object, int)'> (0x00000000f5e00ab0) 
thrown [src/hotspot/share/interpreter/linkResolver.cpp, line 758]
Event: 70.979 Thread 0x00007f7d60179210 Exception <a 'java/lang/NoSuchMethodError'{0x00000000f5e9b8f0}: 'void java.lang.invoke.DirectMethodHandle$Holder.invokeSpecial(java.lang.Object, java.lang.Object, int)'> (0x00000000f5e9b8f0) 
thrown [src/hotspot/share/interpreter/linkResolver.cpp, line 758]
Event: 71.965 Thread 0x00007f7d60178600 Exception <a 'java/lang/NoSuchMethodError'{0x00000000f5a3ab50}: 'int java.lang.invoke.DirectMethodHandle$Holder.invokeSpecialIFC(java.lang.Object, java.lang.Object, java.lang.Object, java.lang.Object)'> (0x00000000f5a3ab50) 
thrown [src/hotspot/share/interpreter/linkResolver.cpp, line 758]
Event: 351.723 Thread 0x00007f7dd00b2230 Exception <a 'java/lang/OutOfMemoryError'{0x00000000e0015ad0}> (0x00000000e0015ad0) 
thrown [src/hotspot/share/gc/shared/memAllocator.cpp, line 138]
Event: 351.723 Thread 0x00007f7dd00b2230 Implicit null exception at 0x00007f7dbf044f51 to 0x00007f7dbf044f80
Event: 356.913 Thread 0x00007f7dd00b2230 Exception <a 'java/lang/OutOfMemoryError'{0x00000000e0014f90}> (0x00000000e0014f90) 
thrown [src/hotspot/share/gc/shared/memAllocator.cpp, line 136]

VM Operations (20 events):
Event: 335.479 Executing VM operation: ParallelGCFailedAllocation
Event: 337.504 Executing VM operation: ParallelGCFailedAllocation done
Event: 337.506 Executing VM operation: ParallelGCFailedAllocation
Event: 339.323 Executing VM operation: ParallelGCFailedAllocation done
Event: 339.323 Executing VM operation: ParallelGCFailedAllocation
Event: 341.291 Executing VM operation: ParallelGCFailedAllocation done
Event: 341.292 Executing VM operation: ParallelGCFailedAllocation
Event: 342.997 Executing VM operation: ParallelGCFailedAllocation done
Event: 343.000 Executing VM operation: ParallelGCFailedAllocation
Event: 344.719 Executing VM operation: ParallelGCFailedAllocation done
Event: 344.719 Executing VM operation: ParallelGCFailedAllocation
Event: 346.324 Executing VM operation: ParallelGCFailedAllocation done
Event: 346.325 Executing VM operation: ParallelGCFailedAllocation
Event: 348.105 Executing VM operation: ParallelGCFailedAllocation done
Event: 348.106 Executing VM operation: ParallelGCFailedAllocation
Event: 351.723 Executing VM operation: ParallelGCFailedAllocation done
Event: 351.723 Executing VM operation: ParallelGCFailedAllocation
Event: 353.392 Executing VM operation: ParallelGCFailedAllocation done
Event: 353.392 Executing VM operation: ParallelGCFailedAllocation
Event: 356.913 Executing VM operation: ParallelGCFailedAllocation done

Events (20 events):
Event: 67.879 loading class java/util/concurrent/CompletableFuture$Signaller done
Event: 67.883 Thread 0x00007f7d60179210 Thread added: 0x00007f7d60179210
Event: 67.884 Protecting memory [0x00007f7db4100000,0x00007f7db4104000] with protection modes 0
Event: 68.373 loading class java/util/Collections$SynchronizedRandomAccessList
Event: 68.373 loading class java/util/Collections$SynchronizedList
Event: 68.373 loading class java/util/Collections$SynchronizedList done
Event: 68.373 loading class java/util/Collections$SynchronizedRandomAccessList done
Event: 68.867 loading class java/lang/Throwable$WrappedPrintWriter
Event: 68.867 loading class java/lang/Throwable$WrappedPrintWriter done
Event: 71.372 loading class java/util/AbstractList$SubList
Event: 71.372 loading class java/util/AbstractList$SubList done
Event: 71.976 Thread 0x00007f7d60178600 Thread exited: 0x00007f7d60178600
Event: 72.072 Thread 0x00007f7d60177ca0 Thread exited: 0x00007f7d60177ca0
Event: 72.074 Thread 0x00007f7d60179210 Thread exited: 0x00007f7d60179210
Event: 103.624 Thread 0x00007f7d2c004d30 Thread exited: 0x00007f7d2c004d30
Event: 105.209 Thread 0x00007f7d384353c0 Thread exited: 0x00007f7d384353c0
Event: 127.384 Thread 0x00007f7d58007280 Thread exited: 0x00007f7d58007280
Event: 138.505 Thread 0x00007f7d3c0f8200 Thread exited: 0x00007f7d3c0f8200
Event: 138.505 Thread 0x00007f7d64304da0 Thread exited: 0x00007f7d64304da0
Event: 140.283 Thread 0x00007f7d580010d0 Thread exited: 0x00007f7d580010d0


Dynamic libraries:
e0000000-f5580000 rw-p 00000000 00:00 0 
f5580000-f8980000 rw-p 00000000 00:00 0 
f8980000-100000000 ---p 00000000 00:00 0 
800000000-800449000 rw-p 00001000 00:1841 4611686019135357769            /nix/store/gpxl5qgg8kicmcvivwmybwjlpf7wh20l-graalvm17-ce-22.3.0/lib/server/classes.jsa
800449000-800bc8000 r--p 0044a000 00:1841 4611686019135357769            /nix/store/gpxl5qgg8kicmcvivwmybwjlpf7wh20l-graalvm17-ce-22.3.0/lib/server/classes.jsa
800bc8000-800c00000 ---p 00000000 00:00 0 
800c00000-800c20000 rw-p 00000000 00:00 0 
800c20000-800c40000 rw-p 00000000 00:00 0 
800c40000-800cc0000 rw-p 00000000 00:00 0 
800cc0000-800d00000 rw-p 00000000 00:00 0 
800d00000-800dc0000 rw-p 00000000 00:00 0 
800dc0000-800e00000 rw-p 00000000 00:00 0 
800e00000-800f40000 rw-p 00000000 00:00 0 
800f40000-800f80000 rw-p 00000000 00:00 0 
800f80000-800fc0000 rw-p 00000000 00:00 0 
800fc0000-801000000 rw-p 00000000 00:00 0 
801000000-8011c0000 rw-p 00000000 00:00 0 
8011c0000-8011d0000 rw-p 00000000 00:00 0 
8011d0000-801200000 ---p 00000000 00:00 0 
801200000-801280000 rw-p 00000000 00:00 0 
801280000-840c00000 ---p 00000000 00:00 0 
55fdeac6b000-55fdeac6c000 r-xp 00000000 00:1841 4611686019099417844      /nix/store/gpxl5qgg8kicmcvivwmybwjlpf7wh20l-graalvm17-ce-22.3.0/bin/.java-wrapped
55fdeac6d000-55fdeac6e000 r--p 00001000 00:1841 4611686019099417844      /nix/store/gpxl5qgg8kicmcvivwmybwjlpf7wh20l-graalvm17-ce-22.3.0/bin/.java-wrapped
55fdeac6e000-55fdeac6f000 rw-p 00002000 00:1841 4611686019099417844      /nix/store/gpxl5qgg8kicmcvivwmybwjlpf7wh20l-graalvm17-ce-22.3.0/bin/.java-wrapped
55fdeac6f000-55fdeac70000 rw-p 00004000 00:1841 4611686019099417844      /nix/store/gpxl5qgg8kicmcvivwmybwjlpf7wh20l-graalvm17-ce-22.3.0/bin/.java-wrapped
55fdeac70000-55fdeac71000 rw-p 00005000 00:1841 4611686019099417844      /nix/store/gpxl5qgg8kicmcvivwmybwjlpf7wh20l-graalvm17-ce-22.3.0/bin/.java-wrapped
55fdeba00000-55fdeba48000 rw-p 00000000 00:00 0                          [heap]
7f7d04000000-7f7d040e2000 rw-p 00000000 00:00 0 
7f7d040e2000-7f7d08000000 ---p 00000000 00:00 0 
7f7d0c000000-7f7d0c021000 rw-p 00000000 00:00 0 
7f7d0c021000-7f7d10000000 ---p 00000000 00:00 0 
7f7d10000000-7f7d10116000 rw-p 00000000 00:00 0 
7f7d10116000-7f7d14000000 ---p 00000000 00:00 0 
7f7d14000000-7f7d14021000 rw-p 00000000 00:00 0 
7f7d14021000-7f7d18000000 ---p 00000000 00:00 0 
7f7d18000000-7f7d18021000 rw-p 00000000 00:00 0 
7f7d18021000-7f7d1c000000 ---p 00000000 00:00 0 
7f7d1c000000-7f7d1c021000 rw-p 00000000 00:00 0 
7f7d1c021000-7f7d20000000 ---p 00000000 00:00 0 
7f7d224b3000-7f7d2c000000 r--s 00000000 00:1841 4611686019135192581      /nix/store/gpxl5qgg8kicmcvivwmybwjlpf7wh20l-graalvm17-ce-22.3.0/lib/modules
7f7d2c000000-7f7d2c021000 rw-p 00000000 00:00 0 
7f7d2c021000-7f7d30000000 ---p 00000000 00:00 0 
7f7d30000000-7f7d30021000 rw-p 00000000 00:00 0 
7f7d30021000-7f7d34000000 ---p 00000000 00:00 0 
7f7d34000000-7f7d3402c000 rw-p 00000000 00:00 0 
7f7d3402c000-7f7d38000000 ---p 00000000 00:00 0 
7f7d38000000-7f7d384f9000 rw-p 00000000 00:00 0 
7f7d384f9000-7f7d3c000000 ---p 00000000 00:00 0 
7f7d3c000000-7f7d3c280000 rw-p 00000000 00:00 0 
7f7d3c280000-7f7d40000000 ---p 00000000 00:00 0 
7f7d40c00000-7f7d411f0000 rw-p 00000000 00:00 0 
7f7d411f0000-7f7d41400000 ---p 00000000 00:00 0 
7f7d41c00000-7f7d42180000 rw-p 00000000 00:00 0 
7f7d42180000-7f7d421f0000 rw-p 00000000 00:00 0 
7f7d421f0000-7f7d42200000 ---p 00000000 00:00 0 
7f7d42200000-7f7d42400000 rw-p 00000000 00:00 0 
7f7d42c00000-7f7d42dc0000 rw-p 00000000 00:00 0 
7f7d42dc0000-7f7d42e00000 rw-p 00000000 00:00 0 
7f7d42e00000-7f7d42fe0000 rw-p 00000000 00:00 0 
7f7d42fe0000-7f7d43000000 rw-p 00000000 00:00 0 
7f7d43000000-7f7d43100000 rw-p 00000000 00:00 0 
7f7d43100000-7f7d43200000 rw-p 00000000 00:00 0 
7f7d43200000-7f7d43400000 rw-p 00000000 00:00 0 
7f7d43400000-7f7d434c0000 rw-p 00000000 00:00 0 
7f7d434c0000-7f7d43500000 rw-p 00000000 00:00 0 
7f7d43500000-7f7d43700000 rw-p 00000000 00:00 0 
7f7d43700000-7f7d43980000 rw-p 00000000 00:00 0 
7f7d43980000-7f7d43a00000 rw-p 00000000 00:00 0 
7f7d43a00000-7f7d43b00000 rw-p 00000000 00:00 0 
7f7d43b00000-7f7d43c00000 rw-p 00000000 00:00 0 
7f7d44000000-7f7d44021000 rw-p 00000000 00:00 0 
7f7d44021000-7f7d48000000 ---p 00000000 00:00 0 
7f7d48000000-7f7d48021000 rw-p 00000000 00:00 0 
7f7d48021000-7f7d4c000000 ---p 00000000 00:00 0 
7f7d4c000000-7f7d4c2de000 rw-p 00000000 00:00 0 
7f7d4c2de000-7f7d50000000 ---p 00000000 00:00 0 
7f7d50000000-7f7d50072000 rw-p 00000000 00:00 0 
7f7d50072000-7f7d54000000 ---p 00000000 00:00 0 
7f7d54000000-7f7d54021000 rw-p 00000000 00:00 0 
7f7d54021000-7f7d58000000 ---p 00000000 00:00 0 
7f7d58000000-7f7d5808a000 rw-p 00000000 00:00 0 
7f7d5808a000-7f7d5c000000 ---p 00000000 00:00 0 
7f7d5c000000-7f7d5c021000 rw-p 00000000 00:00 0 
7f7d5c021000-7f7d60000000 ---p 00000000 00:00 0 
7f7d60000000-7f7d601b0000 rw-p 00000000 00:00 0 
7f7d601b0000-7f7d64000000 ---p 00000000 00:00 0 
7f7d64000000-7f7d648ca000 rw-p 00000000 00:00 0 
7f7d648ca000-7f7d68000000 ---p 00000000 00:00 0 
7f7d68000000-7f7d68025000 rw-p 00000000 00:00 0 
7f7d68025000-7f7d6c000000 ---p 00000000 00:00 0 
7f7d6c000000-7f7d6c021000 rw-p 00000000 00:00 0 
7f7d6c021000-7f7d70000000 ---p 00000000 00:00 0 
7f7d70000000-7f7d70021000 rw-p 00000000 00:00 0 
7f7d70021000-7f7d74000000 ---p 00000000 00:00 0 
7f7d74000000-7f7d7408d000 rw-p 00000000 00:00 0 
7f7d7408d000-7f7d78000000 ---p 00000000 00:00 0 
7f7d78000000-7f7d78100000 rw-p 00000000 00:00 0 
7f7d78100000-7f7d78200000 rw-p 00000000 00:00 0 
7f7d78200000-7f7d787c0000 rw-p 00000000 00:00 0 
7f7d787c0000-7f7d78800000 rw-p 00000000 00:00 0 
7f7d78800000-7f7d78900000 rw-p 00000000 00:00 0 
7f7d78900000-7f7d78a00000 rw-p 00000000 00:00 0 
7f7d78a00000-7f7d78d00000 rw-p 00000000 00:00 0 
7f7d78d00000-7f7d78e00000 rw-p 00000000 00:00 0 
7f7d78e00000-7f7d79000000 rw-p 00000000 00:00 0 
7f7d79800000-7f7d79810000 r-xp 00000000 00:183d 353                      /home/runner/.cache/jdt-language-server/config/org.eclipse.equinox.launcher/org.eclipse.equinox.launcher.gtk.linux.x86_64_1.2.400.v20211117-0650/eclipse_11600.so
7f7d79810000-7f7d79a0f000 ---p 00010000 00:183d 353                      /home/runner/.cache/jdt-language-server/config/org.eclipse.equinox.launcher/org.eclipse.equinox.launcher.gtk.linux.x86_64_1.2.400.v20211117-0650/eclipse_11600.so
7f7d79a0f000-7f7d79a10000 r--p 0000f000 00:183d 353                      /home/runner/.cache/jdt-language-server/config/org.eclipse.equinox.launcher/org.eclipse.equinox.launcher.gtk.linux.x86_64_1.2.400.v20211117-0650/eclipse_11600.so
7f7d79a10000-7f7d79a11000 rw-p 00010000 00:183d 353                      /home/runner/.cache/jdt-language-server/config/org.eclipse.equinox.launcher/org.eclipse.equinox.launcher.gtk.linux.x86_64_1.2.400.v20211117-0650/eclipse_11600.so
7f7d79d00000-7f7d79e00000 ---p 00000000 00:00 0 
7f7d79e00000-7f7d7a3af000 r--p 01122000 00:1841 4611686019135190040      /nix/store/gpxl5qgg8kicmcvivwmybwjlpf7wh20l-graalvm17-ce-22.3.0/lib/libjvmcicompiler.so
7f7d7a3af000-7f7d7a500000 r--p 00000000 00:00 0 
7f7d7a500000-7f7d7a53d000 rw-p 00000000 00:00 0 
7f7d7a53d000-7f7d7aa5d000 rw-p 0185f000 00:1841 4611686019135190040      /nix/store/gpxl5qgg8kicmcvivwmybwjlpf7wh20l-graalvm17-ce-22.3.0/lib/libjvmcicompiler.so
7f7d7aa5d000-7f7d7ae44000 r--p 01d7f000 00:1841 4611686019135190040      /nix/store/gpxl5qgg8kicmcvivwmybwjlpf7wh20l-graalvm17-ce-22.3.0/lib/libjvmcicompiler.so
7f7d7af00000-7f7d7af04000 ---p 00000000 00:00 0 
7f7d7af04000-7f7d7b000000 rw-p 00000000 00:00 0 
7f7d7b100000-7f7d7b104000 ---p 00000000 00:00 0 
7f7d7b104000-7f7d7b200000 rw-p 00000000 00:00 0 
7f7d7b300000-7f7d7b304000 ---p 00000000 00:00 0 
7f7d7b304000-7f7d7b400000 rw-p 00000000 00:00 0 
7f7d7b500000-7f7d7b504000 ---p 00000000 00:00 0 
7f7d7b504000-7f7d7b600000 rw-p 00000000 00:00 0 
7f7d7b700000-7f7d7b704000 ---p 00000000 00:00 0 
7f7d7b704000-7f7d7b800000 rw-p 00000000 00:00 0 
7f7d7b800000-7f7d7b804000 ---p 00000000 00:00 0 
7f7d7b804000-7f7d7b900000 rw-p 00000000 00:00 0 
7f7d7b900000-7f7d7b904000 ---p 00000000 00:00 0 
7f7d7b904000-7f7d7ba00000 rw-p 00000000 00:00 0 
7f7d7bb00000-7f7d7bb04000 ---p 00000000 00:00 0 
7f7d7bb04000-7f7d7bc00000 rw-p 00000000 00:00 0 
7f7d7bd00000-7f7d7bd04000 ---p 00000000 00:00 0 
7f7d7bd04000-7f7d7be00000 rw-p 00000000 00:00 0 
7f7d7bf00000-7f7d7bf04000 ---p 00000000 00:00 0 
7f7d7bf04000-7f7d7c000000 rw-p 00000000 00:00 0 
7f7d7c100000-7f7d7c104000 ---p 00000000 00:00 0 
7f7d7c104000-7f7d7c200000 rw-p 00000000 00:00 0 
7f7d7c300000-7f7d7c304000 ---p 00000000 00:00 0 
7f7d7c304000-7f7d7c400000 rw-p 00000000 00:00 0 
7f7d7c500000-7f7d7c504000 ---p 00000000 00:00 0 
7f7d7c504000-7f7d7c600000 rw-p 00000000 00:00 0 
7f7d7c700000-7f7d7c704000 ---p 00000000 00:00 0 
7f7d7c704000-7f7d7c800000 rw-p 00000000 00:00 0 
7f7d7c800000-7f7d7c804000 ---p 00000000 00:00 0 
7f7d7c804000-7f7d7c900000 rw-p 00000000 00:00 0 
7f7d7c900000-7f7d7c904000 ---p 00000000 00:00 0 
7f7d7c904000-7f7d7ca00000 rw-p 00000000 00:00 0 
7f7d7d7a9000-7f7d7db00000 rw-p 00000000 00:00 0 
7f7d7dc00000-7f7d7fd6a000 r-xp 00000000 00:1841 4611686019135190040      /nix/store/gpxl5qgg8kicmcvivwmybwjlpf7wh20l-graalvm17-ce-22.3.0/lib/libjvmcicompiler.so
7f7d7fd6a000-7f7d7ff69000 ---p 0216a000 00:1841 4611686019135190040      /nix/store/gpxl5qgg8kicmcvivwmybwjlpf7wh20l-graalvm17-ce-22.3.0/lib/libjvmcicompiler.so
7f7d7ff69000-7f7d7ff6a000 r--p 02169000 00:1841 4611686019135190040      /nix/store/gpxl5qgg8kicmcvivwmybwjlpf7wh20l-graalvm17-ce-22.3.0/lib/libjvmcicompiler.so
7f7d7ff6a000-7f7d7ff6c000 rw-p 0216a000 00:1841 4611686019135190040      /nix/store/gpxl5qgg8kicmcvivwmybwjlpf7wh20l-graalvm17-ce-22.3.0/lib/libjvmcicompiler.so
7f7d7ff6c000-7f7d7ff6d000 rw-p 00000000 00:00 0 
7f7d7ff6d000-7f7d7ff72000 rw-p 023c3000 00:1841 4611686019135190040      /nix/store/gpxl5qgg8kicmcvivwmybwjlpf7wh20l-graalvm17-ce-22.3.0/lib/libjvmcicompiler.so
7f7d80000000-7f7d80021000 rw-p 00000000 00:00 0 
7f7d80021000-7f7d84000000 ---p 00000000 00:00 0 
7f7d84000000-7f7d84021000 rw-p 00000000 00:00 0 
7f7d84021000-7f7d88000000 ---p 00000000 00:00 0 
7f7d88000000-7f7d88021000 rw-p 00000000 00:00 0 
7f7d88021000-7f7d8c000000 ---p 00000000 00:00 0 
7f7d8c000000-7f7d8c021000 rw-p 00000000 00:00 0 
7f7d8c021000-7f7d90000000 ---p 00000000 00:00 0 
7f7d90000000-7f7d900c9000 rw-p 00000000 00:00 0 
7f7d900c9000-7f7d94000000 ---p 00000000 00:00 0 
7f7d94000000-7f7d94b60000 rw-p 00000000 00:00 0 
7f7d94b60000-7f7d98000000 ---p 00000000 00:00 0 
7f7d98000000-7f7d98021000 rw-p 00000000 00:00 0 
7f7d98021000-7f7d9c000000 ---p 00000000 00:00 0 
7f7d9c000000-7f7d9c021000 rw-p 00000000 00:00 0 
7f7d9c021000-7f7da0000000 ---p 00000000 00:00 0 
7f7da0000000-7f7da0021000 rw-p 00000000 00:00 0 
7f7da0021000-7f7da4000000 ---p 00000000 00:00 0 
7f7da4000000-7f7da4021000 rw-p 00000000 00:00 0 
7f7da4021000-7f7da8000000 ---p 00000000 00:00 0 
7f7da8000000-7f7da8021000 rw-p 00000000 00:00 0 
7f7da8021000-7f7dac000000 ---p 00000000 00:00 0 
7f7dac000000-7f7dac021000 rw-p 00000000 00:00 0 
7f7dac021000-7f7db0000000 ---p 00000000 00:00 0 
7f7db0000000-7f7db0063000 rw-p 00000000 00:00 0 
7f7db0063000-7f7db4000000 ---p 00000000 00:00 0 
7f7db4000000-7f7db4004000 ---p 00000000 00:00 0 
7f7db4004000-7f7db4100000 rw-p 00000000 00:00 0 
7f7db4100000-7f7db4104000 ---p 00000000 00:00 0 
7f7db4104000-7f7db4200000 rw-p 00000000 00:00 0 
7f7db4200000-7f7db4204000 ---p 00000000 00:00 0 
7f7db4204000-7f7db4300000 rw-p 00000000 00:00 0 
7f7db4400000-7f7db4404000 ---p 00000000 00:00 0 
7f7db4404000-7f7db4500000 rw-p 00000000 00:00 0 
7f7db4500000-7f7db4504000 ---p 00000000 00:00 0 
7f7db4504000-7f7db4600000 rw-p 00000000 00:00 0 
7f7db4600000-7f7db4604000 ---p 00000000 00:00 0 
7f7db4604000-7f7db4700000 rw-p 00000000 00:00 0 
7f7db4700000-7f7db4704000 ---p 00000000 00:00 0 
7f7db4704000-7f7db4800000 rw-p 00000000 00:00 0 
7f7db4800000-7f7db4804000 ---p 00000000 00:00 0 
7f7db4804000-7f7db4900000 rw-p 00000000 00:00 0 
7f7db4905000-7f7db4a46000 rw-p 00000000 00:00 0 
7f7db4a46000-7f7db4a47000 ---p 00000000 00:00 0 
7f7db4a47000-7f7db4b48000 rw-p 00000000 00:00 0 
7f7db4b48000-7f7db4b4c000 ---p 00000000 00:00 0 
7f7db4b4c000-7f7db4c48000 rw-p 00000000 00:00 0 
7f7db4c48000-7f7db4c4c000 ---p 00000000 00:00 0 
7f7db4c4c000-7f7db4d48000 rw-p 00000000 00:00 0 
7f7db4d48000-7f7db4d4c000 ---p 00000000 00:00 0 
7f7db4d4c000-7f7db4e48000 rw-p 00000000 00:00 0 
7f7db4e48000-7f7db4e4c000 ---p 00000000 00:00 0 
7f7db4e4c000-7f7db5048000 rw-p 00000000 00:00 0 
7f7db5048000-7f7db504c000 ---p 00000000 00:00 0 
7f7db504c000-7f7db5248000 rw-p 00000000 00:00 0 
7f7db5248000-7f7db524c000 ---p 00000000 00:00 0 
7f7db524c000-7f7db5348000 rw-p 00000000 00:00 0 
7f7db5348000-7f7db534c000 ---p 00000000 00:00 0 
7f7db534c000-7f7db5448000 rw-p 00000000 00:00 0 
7f7db5448000-7f7db544c000 ---p 00000000 00:00 0 
7f7db544c000-7f7db5548000 rw-p 00000000 00:00 0 
7f7db5548000-7f7db582e000 r--p 00000000 00:231 28444448                  /usr/lib/locale/locale-archive
7f7db582e000-7f7db5832000 ---p 00000000 00:00 0 
7f7db5832000-7f7db592e000 rw-p 00000000 00:00 0 
7f7db592e000-7f7db5932000 ---p 00000000 00:00 0 
7f7db5932000-7f7db5a2e000 rw-p 00000000 00:00 0 
7f7db5a2e000-7f7db5a2f000 ---p 00000000 00:00 0 
7f7db5a2f000-7f7db5b30000 rw-p 00000000 00:00 0 
7f7db5b30000-7f7db5bfe000 r-xp 00000000 00:1841 4611686019135190036      /nix/store/gpxl5qgg8kicmcvivwmybwjlpf7wh20l-graalvm17-ce-22.3.0/lib/libjsvml.so
7f7db5bfe000-7f7db5bff000 r--p 000cd000 00:1841 4611686019135190036      /nix/store/gpxl5qgg8kicmcvivwmybwjlpf7wh20l-graalvm17-ce-22.3.0/lib/libjsvml.so
7f7db5bff000-7f7db5c00000 rw-p 000ce000 00:1841 4611686019135190036      /nix/store/gpxl5qgg8kicmcvivwmybwjlpf7wh20l-graalvm17-ce-22.3.0/lib/libjsvml.so
7f7db5c00000-7f7db6000000 rw-p 00000000 00:00 0 
7f7db6000000-7f7db6300000 rw-p 00000000 00:00 0 
7f7db6300000-7f7db6400000 rw-p 00000000 00:00 0 
7f7db64b3000-7f7db74b3000 rw-p 00000000 00:00 0 
7f7db74b3000-7f7db7723000 rwxp 00000000 00:00 0 
7f7db7723000-7f7db7a42000 ---p 00000000 00:00 0 
7f7db7a42000-7f7db8ac2000 rwxp 00000000 00:00 0 
7f7db8ac2000-7f7dbef7a000 ---p 00000000 00:00 0 
7f7dbef7a000-7f7dbf1fa000 rwxp 00000000 00:00 0 
7f7dbf1fa000-7f7dc64b3000 ---p 00000000 00:00 0 
7f7dc64b3000-7f7dd0000000 r--s 00000000 00:1841 4611686019135192581      /nix/store/gpxl5qgg8kicmcvivwmybwjlpf7wh20l-graalvm17-ce-22.3.0/lib/modules
7f7dd0000000-7f7dd0629000 rw-p 00000000 00:00 0 
7f7dd0629000-7f7dd4000000 ---p 00000000 00:00 0 
7f7dd4016000-7f7dd4018000 r-xp 00000000 00:1841 4611686019135190017      /nix/store/gpxl5qgg8kicmcvivwmybwjlpf7wh20l-graalvm17-ce-22.3.0/lib/libextnet.so
7f7dd4018000-7f7dd4019000 r--p 00001000 00:1841 4611686019135190017      /nix/store/gpxl5qgg8kicmcvivwmybwjlpf7wh20l-graalvm17-ce-22.3.0/lib/libextnet.so
7f7dd4019000-7f7dd401a000 rw-p 00002000 00:1841 4611686019135190017      /nix/store/gpxl5qgg8kicmcvivwmybwjlpf7wh20l-graalvm17-ce-22.3.0/lib/libextnet.so
7f7dd401a000-7f7dd401b000 rw-p 00004000 00:1841 4611686019135190017      /nix/store/gpxl5qgg8kicmcvivwmybwjlpf7wh20l-graalvm17-ce-22.3.0/lib/libextnet.so
7f7dd401b000-7f7dd401f000 ---p 00000000 00:00 0 
7f7dd401f000-7f7dd403d000 rw-p 00000000 00:00 0 
7f7dd403d000-7f7dd4044000 r-xp 00000000 00:1841 4611686019135192580      /nix/store/gpxl5qgg8kicmcvivwmybwjlpf7wh20l-graalvm17-ce-22.3.0/lib/libzip.so
7f7dd4044000-7f7dd4045000 ---p 00007000 00:1841 4611686019135192580      /nix/store/gpxl5qgg8kicmcvivwmybwjlpf7wh20l-graalvm17-ce-22.3.0/lib/libzip.so
7f7dd4045000-7f7dd4046000 r--p 00007000 00:1841 4611686019135192580      /nix/store/gpxl5qgg8kicmcvivwmybwjlpf7wh20l-graalvm17-ce-22.3.0/lib/libzip.so
7f7dd4046000-7f7dd4047000 rw-p 00008000 00:1841 4611686019135192580      /nix/store/gpxl5qgg8kicmcvivwmybwjlpf7wh20l-graalvm17-ce-22.3.0/lib/libzip.so
7f7dd4047000-7f7dd4049000 rw-p 0000b000 00:1841 4611686019135192580      /nix/store/gpxl5qgg8kicmcvivwmybwjlpf7wh20l-graalvm17-ce-22.3.0/lib/libzip.so
7f7dd4049000-7f7dd405e000 r-xp 00000000 00:1841 4611686019135192570      /nix/store/gpxl5qgg8kicmcvivwmybwjlpf7wh20l-graalvm17-ce-22.3.0/lib/libnet.so
7f7dd405e000-7f7dd405f000 ---p 00015000 00:1841 4611686019135192570      /nix/store/gpxl5qgg8kicmcvivwmybwjlpf7wh20l-graalvm17-ce-22.3.0/lib/libnet.so
7f7dd405f000-7f7dd4060000 r--p 00015000 00:1841 4611686019135192570      /nix/store/gpxl5qgg8kicmcvivwmybwjlpf7wh20l-graalvm17-ce-22.3.0/lib/libnet.so
7f7dd4060000-7f7dd4061000 rw-p 00016000 00:1841 4611686019135192570      /nix/store/gpxl5qgg8kicmcvivwmybwjlpf7wh20l-graalvm17-ce-22.3.0/lib/libnet.so
7f7dd4061000-7f7dd4064000 rw-p 0001b000 00:1841 4611686019135192570      /nix/store/gpxl5qgg8kicmcvivwmybwjlpf7wh20l-graalvm17-ce-22.3.0/lib/libnet.so
7f7dd4064000-7f7dd4077000 r-xp 00000000 00:1841 4611686019135192571      /nix/store/gpxl5qgg8kicmcvivwmybwjlpf7wh20l-graalvm17-ce-22.3.0/lib/libnio.so
7f7dd4077000-7f7dd4078000 r--p 00012000 00:1841 4611686019135192571      /nix/store/gpxl5qgg8kicmcvivwmybwjlpf7wh20l-graalvm17-ce-22.3.0/lib/libnio.so
7f7dd4078000-7f7dd4079000 rw-p 00013000 00:1841 4611686019135192571      /nix/store/gpxl5qgg8kicmcvivwmybwjlpf7wh20l-graalvm17-ce-22.3.0/lib/libnio.so
7f7dd4079000-7f7dd407e000 rw-p 00019000 00:1841 4611686019135192571      /nix/store/gpxl5qgg8kicmcvivwmybwjlpf7wh20l-graalvm17-ce-22.3.0/lib/libnio.so
7f7dd407e000-7f7dd4956000 rw-p 00000000 00:00 0 
7f7dd4956000-7f7dd4957000 ---p 00000000 00:00 0 
7f7dd4957000-7f7dd4b02000 rw-p 00000000 00:00 0 
7f7dd4b02000-7f7dd4b1d000 rw-p 00000000 00:00 0 
7f7dd4b1d000-7f7dd4b58000 ---p 00000000 00:00 0 
7f7dd4b58000-7f7dd4b5e000 rw-p 00000000 00:00 0 
7f7dd4b5e000-7f7dd4c44000 ---p 00000000 00:00 0 
7f7dd4c44000-7f7dd4c65000 rw-p 00000000 00:00 0 
7f7dd4c65000-7f7dd4d2f000 ---p 00000000 00:00 0 
7f7dd4d2f000-7f7dd4d34000 rw-p 00000000 00:00 0 
7f7dd4d34000-7f7dd4d3b000 ---p 00000000 00:00 0 
7f7dd4d3b000-7f7dd4d5f000 r-xp 00000000 00:1841 4611686019135190028      /nix/store/gpxl5qgg8kicmcvivwmybwjlpf7wh20l-graalvm17-ce-22.3.0/lib/libjava.so
7f7dd4d5f000-7f7dd4d60000 ---p 00024000 00:1841 4611686019135190028      /nix/store/gpxl5qgg8kicmcvivwmybwjlpf7wh20l-graalvm17-ce-22.3.0/lib/libjava.so
7f7dd4d60000-7f7dd4d61000 r--p 00024000 00:1841 4611686019135190028      /nix/store/gpxl5qgg8kicmcvivwmybwjlpf7wh20l-graalvm17-ce-22.3.0/lib/libjava.so
7f7dd4d61000-7f7dd4d62000 rw-p 00025000 00:1841 4611686019135190028      /nix/store/gpxl5qgg8kicmcvivwmybwjlpf7wh20l-graalvm17-ce-22.3.0/lib/libjava.so
7f7dd4d62000-7f7dd4d63000 rw-p 00000000 00:00 0 
7f7dd4d63000-7f7dd4d6a000 rw-p 0002f000 00:1841 4611686019135190028      /nix/store/gpxl5qgg8kicmcvivwmybwjlpf7wh20l-graalvm17-ce-22.3.0/lib/libjava.so
7f7dd4d6a000-7f7dd4d72000 rw-s 00000000 00:229 350                       /tmp/hsperfdata_runner/27
7f7dd4d72000-7f7dd4d73000 ---p 00000000 00:00 0 
7f7dd4d73000-7f7dd4d74000 r--p 00000000 00:00 0 
7f7dd4d74000-7f7dd4d75000 rwxp 00000000 00:00 0 
7f7dd4d75000-7f7dd4d90000 r-xp 00000000 00:1841 4611686019135190032      /nix/store/gpxl5qgg8kicmcvivwmybwjlpf7wh20l-graalvm17-ce-22.3.0/lib/libjimage.so
7f7dd4d90000-7f7dd4d91000 ---p 0001b000 00:1841 4611686019135190032      /nix/store/gpxl5qgg8kicmcvivwmybwjlpf7wh20l-graalvm17-ce-22.3.0/lib/libjimage.so
7f7dd4d91000-7f7dd4d93000 r--p 0001b000 00:1841 4611686019135190032      /nix/store/gpxl5qgg8kicmcvivwmybwjlpf7wh20l-graalvm17-ce-22.3.0/lib/libjimage.so
7f7dd4d93000-7f7dd4d94000 rw-p 0001d000 00:1841 4611686019135190032      /nix/store/gpxl5qgg8kicmcvivwmybwjlpf7wh20l-graalvm17-ce-22.3.0/lib/libjimage.so
7f7dd4d94000-7f7dd4d95000 rw-p 00024000 00:1841 4611686019135190032      /nix/store/gpxl5qgg8kicmcvivwmybwjlpf7wh20l-graalvm17-ce-22.3.0/lib/libjimage.so
7f7dd4d95000-7f7dd4d99000 ---p 00000000 00:00 0 
7f7dd4d99000-7f7dd4e95000 rw-p 00000000 00:00 0 
7f7dd4e95000-7f7dd4ea3000 r--p 00000000 00:1841 4611686019027979927      /nix/store/4nlgxhb09sdr51nc9hdm8az5b08vzkgx-glibc-2.35-163/lib/libm.so.6
7f7dd4ea3000-7f7dd4f16000 r-xp 0000e000 00:1841 4611686019027979927      /nix/store/4nlgxhb09sdr51nc9hdm8az5b08vzkgx-glibc-2.35-163/lib/libm.so.6
7f7dd4f16000-7f7dd4f73000 r--p 00081000 00:1841 4611686019027979927      /nix/store/4nlgxhb09sdr51nc9hdm8az5b08vzkgx-glibc-2.35-163/lib/libm.so.6
7f7dd4f73000-7f7dd4f74000 r--p 000dd000 00:1841 4611686019027979927      /nix/store/4nlgxhb09sdr51nc9hdm8az5b08vzkgx-glibc-2.35-163/lib/libm.so.6
7f7dd4f74000-7f7dd4f75000 rw-p 000de000 00:1841 4611686019027979927      /nix/store/4nlgxhb09sdr51nc9hdm8az5b08vzkgx-glibc-2.35-163/lib/libm.so.6
7f7dd4f75000-7f7dd4f76000 r--p 00000000 00:1841 4611686019027979946      /nix/store/4nlgxhb09sdr51nc9hdm8az5b08vzkgx-glibc-2.35-163/lib/librt.so.1
7f7dd4f76000-7f7dd4f77000 r-xp 00001000 00:1841 4611686019027979946      /nix/store/4nlgxhb09sdr51nc9hdm8az5b08vzkgx-glibc-2.35-163/lib/librt.so.1
7f7dd4f77000-7f7dd4f78000 r--p 00002000 00:1841 4611686019027979946      /nix/store/4nlgxhb09sdr51nc9hdm8az5b08vzkgx-glibc-2.35-163/lib/librt.so.1
7f7dd4f78000-7f7dd4f79000 r--p 00002000 00:1841 4611686019027979946      /nix/store/4nlgxhb09sdr51nc9hdm8az5b08vzkgx-glibc-2.35-163/lib/librt.so.1
7f7dd4f79000-7f7dd4f7a000 rw-p 00003000 00:1841 4611686019027979946      /nix/store/4nlgxhb09sdr51nc9hdm8az5b08vzkgx-glibc-2.35-163/lib/librt.so.1
7f7dd4f7a000-7f7dd608d000 r-xp 00000000 00:1841 4611686019135360866      /nix/store/gpxl5qgg8kicmcvivwmybwjlpf7wh20l-graalvm17-ce-22.3.0/lib/server/libjvm.so
7f7dd608d000-7f7dd608e000 ---p 01113000 00:1841 4611686019135360866      /nix/store/gpxl5qgg8kicmcvivwmybwjlpf7wh20l-graalvm17-ce-22.3.0/lib/server/libjvm.so
7f7dd608e000-7f7dd6143000 r--p 01113000 00:1841 4611686019135360866      /nix/store/gpxl5qgg8kicmcvivwmybwjlpf7wh20l-graalvm17-ce-22.3.0/lib/server/libjvm.so
7f7dd6143000-7f7dd6177000 rw-p 011c8000 00:1841 4611686019135360866      /nix/store/gpxl5qgg8kicmcvivwmybwjlpf7wh20l-graalvm17-ce-22.3.0/lib/server/libjvm.so
7f7dd6177000-7f7dd61d3000 rw-p 00000000 00:00 0 
7f7dd61d3000-7f7dd61fb000 r--p 00000000 00:1841 4611686019027979918      /nix/store/4nlgxhb09sdr51nc9hdm8az5b08vzkgx-glibc-2.35-163/lib/libc.so.6
7f7dd61fb000-7f7dd6371000 r-xp 00028000 00:1841 4611686019027979918      /nix/store/4nlgxhb09sdr51nc9hdm8az5b08vzkgx-glibc-2.35-163/lib/libc.so.6
7f7dd6371000-7f7dd63c9000 r--p 0019e000 00:1841 4611686019027979918      /nix/store/4nlgxhb09sdr51nc9hdm8az5b08vzkgx-glibc-2.35-163/lib/libc.so.6
7f7dd63c9000-7f7dd63cd000 r--p 001f6000 00:1841 4611686019027979918      /nix/store/4nlgxhb09sdr51nc9hdm8az5b08vzkgx-glibc-2.35-163/lib/libc.so.6
7f7dd63cd000-7f7dd63cf000 rw-p 001fa000 00:1841 4611686019027979918      /nix/store/4nlgxhb09sdr51nc9hdm8az5b08vzkgx-glibc-2.35-163/lib/libc.so.6
7f7dd63cf000-7f7dd63de000 rw-p 00000000 00:00 0 
7f7dd63de000-7f7dd63df000 r--p 00000000 00:1841 4611686019027979923      /nix/store/4nlgxhb09sdr51nc9hdm8az5b08vzkgx-glibc-2.35-163/lib/libdl.so.2
7f7dd63df000-7f7dd63e0000 r-xp 00001000 00:1841 4611686019027979923      /nix/store/4nlgxhb09sdr51nc9hdm8az5b08vzkgx-glibc-2.35-163/lib/libdl.so.2
7f7dd63e0000-7f7dd63e1000 r--p 00002000 00:1841 4611686019027979923      /nix/store/4nlgxhb09sdr51nc9hdm8az5b08vzkgx-glibc-2.35-163/lib/libdl.so.2
7f7dd63e1000-7f7dd63e2000 r--p 00002000 00:1841 4611686019027979923      /nix/store/4nlgxhb09sdr51nc9hdm8az5b08vzkgx-glibc-2.35-163/lib/libdl.so.2
7f7dd63e2000-7f7dd63e3000 rw-p 00003000 00:1841 4611686019027979923      /nix/store/4nlgxhb09sdr51nc9hdm8az5b08vzkgx-glibc-2.35-163/lib/libdl.so.2
7f7dd63e3000-7f7dd63e4000 r--p 00000000 00:1841 4611686019027979942      /nix/store/4nlgxhb09sdr51nc9hdm8az5b08vzkgx-glibc-2.35-163/lib/libpthread.so.0
7f7dd63e4000-7f7dd63e5000 r-xp 00001000 00:1841 4611686019027979942      /nix/store/4nlgxhb09sdr51nc9hdm8az5b08vzkgx-glibc-2.35-163/lib/libpthread.so.0
7f7dd63e5000-7f7dd63e6000 r--p 00002000 00:1841 4611686019027979942      /nix/store/4nlgxhb09sdr51nc9hdm8az5b08vzkgx-glibc-2.35-163/lib/libpthread.so.0
7f7dd63e6000-7f7dd63e7000 r--p 00002000 00:1841 4611686019027979942      /nix/store/4nlgxhb09sdr51nc9hdm8az5b08vzkgx-glibc-2.35-163/lib/libpthread.so.0
7f7dd63e7000-7f7dd63e8000 rw-p 00003000 00:1841 4611686019027979942      /nix/store/4nlgxhb09sdr51nc9hdm8az5b08vzkgx-glibc-2.35-163/lib/libpthread.so.0
7f7dd63e8000-7f7dd63f6000 r-xp 00000000 00:1841 4611686019135190033      /nix/store/gpxl5qgg8kicmcvivwmybwjlpf7wh20l-graalvm17-ce-22.3.0/lib/libjli.so
7f7dd63f6000-7f7dd63f7000 ---p 0000e000 00:1841 4611686019135190033      /nix/store/gpxl5qgg8kicmcvivwmybwjlpf7wh20l-graalvm17-ce-22.3.0/lib/libjli.so
7f7dd63f7000-7f7dd63f8000 r--p 0000e000 00:1841 4611686019135190033      /nix/store/gpxl5qgg8kicmcvivwmybwjlpf7wh20l-graalvm17-ce-22.3.0/lib/libjli.so
7f7dd63f8000-7f7dd63f9000 rw-p 0000f000 00:1841 4611686019135190033      /nix/store/gpxl5qgg8kicmcvivwmybwjlpf7wh20l-graalvm17-ce-22.3.0/lib/libjli.so
7f7dd63f9000-7f7dd63fa000 rw-p 00012000 00:1841 4611686019135190033      /nix/store/gpxl5qgg8kicmcvivwmybwjlpf7wh20l-graalvm17-ce-22.3.0/lib/libjli.so
7f7dd63fa000-7f7dd63fd000 r--p 00000000 00:1841 4611686019106210071      /nix/store/026hln0aq1hyshaxsdvhg0kmcm6yf45r-zlib-1.2.13/lib/libz.so.1.2.13
7f7dd63fd000-7f7dd640f000 r-xp 00003000 00:1841 4611686019106210071      /nix/store/026hln0aq1hyshaxsdvhg0kmcm6yf45r-zlib-1.2.13/lib/libz.so.1.2.13
7f7dd640f000-7f7dd6416000 r--p 00015000 00:1841 4611686019106210071      /nix/store/026hln0aq1hyshaxsdvhg0kmcm6yf45r-zlib-1.2.13/lib/libz.so.1.2.13
7f7dd6416000-7f7dd6417000 r--p 0001b000 00:1841 4611686019106210071      /nix/store/026hln0aq1hyshaxsdvhg0kmcm6yf45r-zlib-1.2.13/lib/libz.so.1.2.13
7f7dd6417000-7f7dd6418000 rw-p 0001c000 00:1841 4611686019106210071      /nix/store/026hln0aq1hyshaxsdvhg0kmcm6yf45r-zlib-1.2.13/lib/libz.so.1.2.13
7f7dd6418000-7f7dd641a000 rw-p 00000000 00:00 0 
7f7dd641a000-7f7dd641c000 r--p 00000000 00:1841 4611686019027979912      /nix/store/4nlgxhb09sdr51nc9hdm8az5b08vzkgx-glibc-2.35-163/lib/ld-linux-x86-64.so.2
7f7dd641c000-7f7dd6443000 r-xp 00002000 00:1841 4611686019027979912      /nix/store/4nlgxhb09sdr51nc9hdm8az5b08vzkgx-glibc-2.35-163/lib/ld-linux-x86-64.so.2
7f7dd6443000-7f7dd644f000 r--p 00029000 00:1841 4611686019027979912      /nix/store/4nlgxhb09sdr51nc9hdm8az5b08vzkgx-glibc-2.35-163/lib/ld-linux-x86-64.so.2
7f7dd644f000-7f7dd6451000 r--p 00034000 00:1841 4611686019027979912      /nix/store/4nlgxhb09sdr51nc9hdm8az5b08vzkgx-glibc-2.35-163/lib/ld-linux-x86-64.so.2
7f7dd6451000-7f7dd6453000 rw-p 00036000 00:1841 4611686019027979912      /nix/store/4nlgxhb09sdr51nc9hdm8az5b08vzkgx-glibc-2.35-163/lib/ld-linux-x86-64.so.2
7fffa2dba000-7fffa2dde000 rw-p 00000000 00:00 0                          [stack]
7fffa2de3000-7fffa2de7000 r--p 00000000 00:00 0                          [vvar]
7fffa2de7000-7fffa2de9000 r-xp 00000000 00:00 0                          [vdso]
ffffffffff600000-ffffffffff601000 --xp 00000000 00:00 0                  [vsyscall]


VM Arguments:
jvm_args: -XX:ThreadPriorityPolicy=1 -XX:+UnlockExperimentalVMOptions -XX:+EnableJVMCIProduct -XX:JVMCIThreadsPerNativeLibraryRuntime=1 -XX:-UnlockExperimentalVMOptions -Declipse.application=org.eclipse.jdt.ls.core.id1 -Dosgi.bundles.defaultStartLevel=4 -Declipse.product=org.eclipse.jdt.ls.core.product -Dlog.level=ALL -Xverify:none -XX:+UseParallelGC -XX:GCTimeRatio=4 -XX:AdaptiveSizePolicyWeight=90 -Dsun.zip.disableMemoryMapping=true -Xmx512m -Xms100m 
java_command: /nix/store/m6gcpi1ii6rghy04cjwjddcavv7i90df-jdt-language-server-1.9.0/share/java/plugins/org.eclipse.equinox.launcher_1.6.400.v20210924-0641.jar --add-modules=ALL-SYSTEM --add-opens java.base/java.util=ALL-UNNAMED --add-opens java.base/java.lang=ALL-UNNAMED -configuration /home/runner/.cache/jdt-language-server/config -data /home/runner/.cache/jdt-language-server/data/home/runner/MathewPolymorphismProject
java_class_path (initial): /nix/store/m6gcpi1ii6rghy04cjwjddcavv7i90df-jdt-language-server-1.9.0/share/java/plugins/org.eclipse.equinox.launcher_1.6.400.v20210924-0641.jar
Launcher Type: SUN_STANDARD

[Global flags]
    uintx AdaptiveSizePolicyWeight                 = 90                                        {product} {command line}
     intx CICompilerCount                          = 2                                         {product} {ergonomic}
     bool EnableJVMCIProduct                       = true                                {JVMCI product} {jimage}
    uintx GCTimeRatio                              = 4                                         {product} {command line}
   size_t InitialHeapSize                          = 104857600                                 {product} {command line}
     uint JVMCIThreadsPerNativeLibraryRuntime      = 1                                   {JVMCI product} {jimage}
   size_t MaxHeapSize                              = 536870912                                 {product} {command line}
   size_t MaxNewSize                               = 178782208                                 {product} {ergonomic}
   size_t MinHeapDeltaBytes                        = 524288                                    {product} {ergonomic}
   size_t MinHeapSize                              = 104857600                                 {product} {command line}
   size_t NewSize                                  = 34603008                                  {product} {ergonomic}
    uintx NonNMethodCodeHeapSize                   = 5826188                                {pd product} {ergonomic}
    uintx NonProfiledCodeHeapSize                  = 122916026                              {pd product} {ergonomic}
   size_t OldSize                                  = 70254592                                  {product} {ergonomic}
    uintx ProfiledCodeHeapSize                     = 122916026                              {pd product} {ergonomic}
    uintx ReservedCodeCacheSize                    = 251658240                              {pd product} {ergonomic}
     bool SegmentedCodeCache                       = true                                      {product} {ergonomic}
   size_t SoftMaxHeapSize                          = 536870912                              {manageable} {ergonomic}
     intx ThreadPriorityPolicy                     = 1                                         {product} {jimage}
     bool UseCompressedClassPointers               = true                           {product lp64_product} {ergonomic}
     bool UseCompressedOops                        = true                           {product lp64_product} {ergonomic}
     bool UseParallelGC                            = true                                      {product} {command line}

Logging:
Log output configuration:
 #0: stdout all=warning uptime,level,tags
 #1: stderr all=off uptime,level,tags

Environment Variables:
JAVA_HOME=/nix/store/gpxl5qgg8kicmcvivwmybwjlpf7wh20l-graalvm17-ce-22.3.0
PATH=/nix/store/1d6ian3r8kdzspw8hacjhl3xkp40g1lj-binutils-wrapper-2.39/bin:/nix/store/dq0xwmsk1g0i2ayg6pb7y87na2knzylh-gcc-wrapper-11.3.0/bin:/nix/store/bap4d0lpcrhpwmpb8ayjcgkmvfj62lnq-bash-interactive-5.1-p16/bin:/nix/store/pr5n59mb4jzmfx6kanwxly0l07p861fg-patchelf-0.15.0/bin:/nix/store/1gf2flfqnpqbr1b4p4qz2f72y42bs56r-gcc-11.3.0/bin:/nix/store/57xv61c5zi8pphjbcwxxjlgc34p61ic9-glibc-2.35-163-bin/bin:/nix/store/a7gvj343m05j2s32xcnwr35v31ynlypr-coreutils-9.1/bin:/nix/store/039g378vc3pc3dvi9dzdlrd0i4q93qwf-binutils-2.39/bin:/nix/store/gpxl5qgg8kicmcvivwmybwjlpf7wh20l-graalvm17-ce-22.3.0/bin:/nix/store/6z9ag3ihc8mq2hzsw48lhbznvzny65nz-apache-maven-3.8.6/bin:/nix/store/m6gcpi1ii6rghy04cjwjddcavv7i90df-jdt-language-server-1.9.0/bin:/nix/store/84xs5alhs01zrbr4ywm05kxbjbp5590l-java-debug/bin:/nix/store/mydc6f4k2z73xlcz7ilif3v2lcaiqvza-findutils-4.9.0/bin:/nix/store/j9p3g8472iijd50vhdprx0nmk2fqn5gv-diffutils-3.8/bin:/nix/store/89zs7rms6x00xfq4dq6m7mjnhkr8a6r4-gnused-4.8/bin:/nix/store/86bp03jkmsl6f92w0yzg4s59g5mhxwmy-gnugrep-3.7/bin:/nix/store/hwcdqw4jrjnd37wxqgsd47hd0j8bnj09-gawk-5.1.1/bin:/nix/store/cfbhw8r8ags41vwqaz47r583d0p4h4a1-gnutar-1.34/bin:/nix/store/p3m1ndl1lapwrlh698bnb5lvvxh67378-gzip-1.12/bin:/nix/store/a8mhcagrsly7c7mpjrpsnaahk4aax056-bzip2-1.0.8-bin/bin:/nix/store/mblgz65m3zv9x548a3d5m96fj2pbwr09-gnumake-4.3/bin:/nix/store/dsd5gz46hdbdk2rfdimqddhq6m8m8fqs-bash-5.1-p16/bin:/nix/store/v7ljksji50mg3w61dykaa3n3y79n6nil-patch-2.7.6/bin:/nix/store/zlcnmqq14jz5x9439jf937mvayyl63da-xz-5.2.7-bin/bin:/nix/store/y6aj732zm9m87c82fpvf103a1xb22blp-file-5.43/bin:/nix/store/i4kzir3m7mrisxmf5xvlnkw01x4qaqr4-prybar-elisp-0.0.0-e0d9a52/bin:/nix/store/lwwivxf6h7x3cvxp9zv8sj0mv7dak99r-prybar-lua-0.0.0-e0d9a52/bin:/nix/store/gxj28g1cg4hq3qanmjv07156h800qr58-prybar-python3-0.0.0-e0d9a52/bin:/nix/store/hshkjnxrgidigf8x75vg6lqng2xlx9i3-prybar-sqlite-0.0.0-e0d9a52/bin:/nix/store/c4w01bpjgyy5ixmwdk8m1pw87zq4sl26-prybar-tcl-0.0.0-e0d9a52/bin:/nix/store/hpbvrlwd5viqmvcaisb3x0118i913a9n-st
LD_LIBRARY_PATH=/nix/store/a4pff549sk2idnkpzk5nsfps3mdkdnvm-cups-2.4.2-lib/lib:/nix/store/72mqxxhh3cy5yifh92wh2yb8cl2hikyy-cairo-1.16.0/lib:/nix/store/2k366jrbsra97gjfxwvrhvixjfxdach5-glib-2.74.1/lib:/nix/store/2j2znigd8ak37rlwh9khz0ry3clqlw1l-gtk+3-3.24.34/lib:/nix/store/hisqvx32cd57apbpcsnkpx6k3549wql1-libglvnd-1.4.0/lib:/nix/store/p36pgcv991mq5srvg765b78yqpxvk3qs-mesa-21.3.3-drivers/lib:/nix/store/mav4251if1ahjq5vkpwycyyvnmy459c4-pulseaudio-14.2/lib
DISPLAY=:0
LANG=en_US.UTF-8

Signal Handlers:
   SIGSEGV: crash_handler in libjvm.so, mask=11100100010111111101111111111110, flags=SA_RESTART|SA_SIGINFO
    SIGBUS: crash_handler in libjvm.so, mask=11100100010111111101111111111110, flags=SA_RESTART|SA_SIGINFO
    SIGFPE: crash_handler in libjvm.so, mask=11100100010111111101111111111110, flags=SA_RESTART|SA_SIGINFO
   SIGPIPE: IsolateEnterStub_IgnoreSIGPIPEStartupHook_noopSignalHandler_8f19bff2f35b5f630d83b364d6b2339320d4ec70_216e8361c6bc87a8f89f58cc10d3b2fd4415bf87 in libjvmcicompiler.so, mask=00000000000000000000000000000000, flags=SA_RESTART
  *** Handler was modified!
  *** Expected: javaSignalHandler in libjvm.so, mask=11100100110111111111111111111110, flags=SA_RESTART|SA_SIGINFO
   SIGXFSZ: javaSignalHandler in libjvm.so, mask=11100100010111111101111111111110, flags=SA_RESTART|SA_SIGINFO
    SIGILL: crash_handler in libjvm.so, mask=11100100010111111101111111111110, flags=SA_RESTART|SA_SIGINFO
   SIGUSR2: SR_handler in libjvm.so, mask=00000000000000000000000000000000, flags=SA_RESTART|SA_SIGINFO
    SIGHUP: UserHandler in libjvm.so, mask=11100100010111111101111111111110, flags=SA_RESTART|SA_SIGINFO
    SIGINT: UserHandler in libjvm.so, mask=11100100010111111101111111111110, flags=SA_RESTART|SA_SIGINFO
   SIGTERM: UserHandler in libjvm.so, mask=11100100010111111101111111111110, flags=SA_RESTART|SA_SIGINFO
   SIGQUIT: UserHandler in libjvm.so, mask=11100100010111111101111111111110, flags=SA_RESTART|SA_SIGINFO
  *** Handler was modified!
  *** Expected: javaSignalHandler in libjvm.so, mask=11100100110111111111111111111110, flags=SA_RESTART|SA_SIGINFO
   SIGTRAP: crash_handler in libjvm.so, mask=11100100010111111101111111111110, flags=SA_RESTART|SA_SIGINFO


---------------  S Y S T E M  ---------------

OS:
DISTRIB_ID=Ubuntu
DISTRIB_RELEASE=20.04
DISTRIB_CODENAME=focal
DISTRIB_DESCRIPTION="Ubuntu 20.04.2 LTS"
uname: Linux 5.15.0-1030-gcp #37~20.04.1-Ubuntu SMP Mon Feb 20 04:30:57 UTC 2023 x86_64
OS uptime: 0 days 3:30 hours
libc: glibc 2.35 NPTL 2.35 
rlimit (soft/hard): STACK 8192k/infinity , CORE infinity/infinity , NPROC infinity/infinity , NOFILE 5242/5242 , AS infinity/infinity , CPU infinity/infinity , DATA infinity/infinity , FSIZE infinity/infinity , MEMLOCK 64k/64k
load average: 38.84 32.38 27.65

/proc/meminfo:
MemTotal:       65852732 kB
MemFree:        18557644 kB
MemAvailable:   44042584 kB
Buffers:         2000772 kB
Cached:         22422088 kB
SwapCached:            0 kB
Active:          8514068 kB
Inactive:       34714744 kB
Active(anon):      16448 kB
Inactive(anon): 18721920 kB
Active(file):    8497620 kB
Inactive(file): 15992824 kB
Unevictable:       42544 kB
Mlocked:           42544 kB
SwapTotal:             0 kB
SwapFree:              0 kB
Dirty:              4800 kB
Writeback:             0 kB
AnonPages:      17465068 kB
Mapped:          2087588 kB
Shmem:             40180 kB
KReclaimable:    1721096 kB
Slab:            3008396 kB
SReclaimable:    1721096 kB
SUnreclaim:      1287300 kB
KernelStack:      410992 kB
PageTables:       167232 kB
NFS_Unstable:          0 kB
Bounce:                0 kB
WritebackTmp:          0 kB
CommitLimit:    32926364 kB
Committed_AS:   75636420 kB
VmallocTotal:   34359738367 kB
VmallocUsed:      452112 kB
VmallocChunk:          0 kB
Percpu:            64640 kB
HardwareCorrupted:     0 kB
AnonHugePages:   1155072 kB
ShmemHugePages:        0 kB
ShmemPmdMapped:        0 kB
FileHugePages:         0 kB
FilePmdMapped:         0 kB
HugePages_Total:       0
HugePages_Free:        0
HugePages_Rsvd:        0
HugePages_Surp:        0
Hugepagesize:       2048 kB
Hugetlb:               0 kB
DirectMap4k:     4606784 kB
DirectMap2M:    41527296 kB
DirectMap1G:    23068672 kB

/sys/kernel/mm/transparent_hugepage/enabled: always [madvise] never
/sys/kernel/mm/transparent_hugepage/defrag (defrag/compaction efforts parameter): always defer defer+madvise [madvise] never

Process Memory:
Virtual Size: 4855896K (peak: 4951868K)
Resident Set Size: 751040K (peak: 778360K) (anon: 553844K, file: 197196K, shmem: 0K)
Swapped out: 0K
C-Heap outstanding allocations: 43951K, retained: 15028K
glibc malloc tunables: (default)

/proc/sys/kernel/threads-max (system-wide limit on the number of threads): 514406
/proc/sys/vm/max_map_count (maximum number of memory map areas a process may have): 65530
/proc/sys/kernel/pid_max (system-wide limit on number of process identifiers): 4194304

container (cgroup) information:
container_type: cgroupv1
cpu_cpuset_cpus: 2-7
cpu_memory_nodes: 0
active_processor_count: 1
cpu_quota: 50000
cpu_period: 100000
cpu_shares: 512
memory_limit_in_bytes: 1048576 k
memory_and_swap_limit_in_bytes: 1048576 k
memory_soft_limit_in_bytes: 524288 k
memory_usage_in_bytes: 598048 k
memory_max_usage_in_bytes: 623708 k
maximum number of tasks: 1000
current number of tasks: 47

KVM virtualization detected
Steal ticks since vm start: 0
Steal ticks percentage since vm start:  0.000

CPU: total 8 (initial active 1) (8 cores per cpu, 2 threads per core) family 23 model 49 stepping 0 microcode 0xffffffff, cx8, cmov, fxsr, ht, mmx, 3dnowpref, sse, sse2, sse3, ssse3, sse4a, sse4.1, sse4.2, popcnt, lzcnt, tsc, tscinvbit, avx, avx2, aes, clmul, bmi1, bmi2, adx, sha, fma, vzeroupper, clflush, clflushopt, hv
CPU Model and flags from /proc/cpuinfo:
model name	: AMD EPYC 7B12
flags		: fpu vme de pse tsc msr pae mce cx8 apic sep mtrr pge mca cmov pat pse36 clflush mmx fxsr sse sse2 ht syscall nx mmxext fxsr_opt pdpe1gb rdtscp lm constant_tsc rep_good nopl nonstop_tsc cpuid extd_apicid tsc_known_freq pni pclmulqdq ssse3 fma cx16 sse4_1 sse4_2 movbe popcnt aes xsave avx f16c rdrand hypervisor lahf_lm cmp_legacy cr8_legacy abm sse4a misalignsse 3dnowprefetch osvw topoext ssbd ibrs ibpb stibp vmmcall fsgsbase tsc_adjust bmi1 avx2 smep bmi2 rdseed adx smap clflushopt clwb sha_ni xsaveopt xsavec xgetbv1 clzero xsaveerptr arat npt nrip_save umip rdpid

Online cpus: 0-7
Offline cpus: 
BIOS frequency limitation: <Not Available>
Frequency switch latency (ns): <Not Available>
Available cpu frequencies: <Not Available>
Current governor: <Not Available>
Core performance/turbo boost: <Not Available>

Memory: 4k page, physical 1048576k(450520k free), swap 0k(0k free)
Page Sizes: 4k

vm_info: OpenJDK 64-Bit Server VM (17.0.5+8-jvmci-22.3-b08) for linux-amd64 JRE (17.0.5+8-jvmci-22.3-b08), built on Oct 19 2022 09:01:27 by "buildslave" with gcc 10.3.0

END.
